Arguments: 
  /usr/local/bin/node /Users/shubhamkanodia/.yarn/bin/yarn.js upgrade-interactive --latest

PATH: 
  /Users/shubhamkanodia/.rvm/gems/ruby-2.0.0-p643/bin:/Users/shubhamkanodia/.rvm/gems/ruby-2.0.0-p643@global/bin:/Users/shubhamkanodia/.rvm/rubies/ruby-2.0.0-p643/bin:/Users/shubhamkanodia/.yarn/bin:/Users/shubhamkanodia/.config/yarn/global/node_modules/.bin:/Users/shubhamkanodia/Downloads/google-cloud-sdk/bin:/usr/local/opt/elasticsearch@1.7/bin:/usr/local/bin:/usr/bin:/bin:/usr/sbin:/sbin:/Users/shubhamkanodia/.rvm/bin:/usr/local/go/bin

Yarn version: 
  1.6.0

Node version: 
  10.0.0

Platform: 
  darwin x64

Trace: 
  SyntaxError: /Users/shubhamkanodia/dev/eslint-config-urbanladder/package.json: Unexpected token } in JSON at position 1489
      at JSON.parse (<anonymous>)
      at /Users/shubhamkanodia/.yarn/lib/cli.js:1130:59
      at Generator.next (<anonymous>)
      at step (/Users/shubhamkanodia/.yarn/lib/cli.js:98:30)
      at /Users/shubhamkanodia/.yarn/lib/cli.js:109:13

npm manifest: 
  {
    "name": "eslint-config-urbanladder",
    "version": "2.0.0",
    "description": "Javascript code style used at Urban Ladder",
    "main": "index.js",
    "directories": {
      "test": "test"
    },
    "repository": {
      "type": "git",
      "url": "git+https://github.com/urbanladder/eslint-config-urbanladder.git"
    },
    "scripts": {
      "test": "tape test/*.js "
    },
    "keywords": [
      "eslint",
      "eslint-config",
      "urbanladder"
    ],
    "author": "Shubham Kanodia (shubham.kanodia10@gmail.com)",
    "license": "MIT",
    "devDependencies": {
      "eslint": "^4.19.1",
      "eslint-config-airbnb": "^16.1.0",
      "eslint-import-resolver-webpack": "^0.10.0",
      "eslint-plugin-compat": "^2.2.0",
      "eslint-plugin-css-modules": "^2.7.3",
      "eslint-plugin-import": "^2.12.0",
      "eslint-plugin-jsdoc": "^3.7.0",
      "eslint-plugin-jsx-a11y": "^6.0.3",
      "eslint-plugin-react": "^7.8.2",
      "eslint-plugin-sort-class-members": "^1.3.1",
      "eslint-plugin-unicorn": "^4.0.3",
      "tap-spec": "^4.1.1",
      "tape": "^4.9.0"
    },
    "peerDependencies": {
      "eslint": "^4.19.1",
      "eslint-config-airbnb": "^16.1.0",
      "eslint-import-resolver-webpack": "^0.10.0",
      "eslint-plugin-compat": "^2.2.0",
      "eslint-plugin-css-modules": "^2.7.3",
      "eslint-plugin-import": "^2.12.0",
      "eslint-plugin-jsdoc": "^3.7.0",
      "eslint-plugin-jsx-a11y": "^6.0.3",
      "eslint-plugin-react": "^7.8.2",
      "eslint-plugin-sort-class-members": "^1.3.1",
      "eslint-plugin-unicorn": "^4.0.3",
    }
  }

yarn manifest: 
  No manifest

Lockfile: 
  # THIS IS AN AUTOGENERATED FILE. DO NOT EDIT THIS FILE DIRECTLY.
  # yarn lockfile v1
  
  
  acorn-jsx@^3.0.0:
    version "3.0.1"
    resolved "https://registry.yarnpkg.com/acorn-jsx/-/acorn-jsx-3.0.1.tgz#afdf9488fb1ecefc8348f6fb22f464e32a58b36b"
    dependencies:
      acorn "^3.0.4"
  
  acorn@^3.0.4:
    version "3.3.0"
    resolved "https://registry.yarnpkg.com/acorn/-/acorn-3.3.0.tgz#45e37fb39e8da3f25baee3ff5369e2bb5f22017a"
  
  acorn@^5.5.0:
    version "5.5.3"
    resolved "https://registry.yarnpkg.com/acorn/-/acorn-5.5.3.tgz#f473dd47e0277a08e28e9bec5aeeb04751f0b8c9"
  
  ajv-keywords@^2.1.0:
    version "2.1.0"
    resolved "https://registry.yarnpkg.com/ajv-keywords/-/ajv-keywords-2.1.0.tgz#a296e17f7bfae7c1ce4f7e0de53d29cb32162df0"
  
  ajv@^5.2.3:
    version "5.2.3"
    resolved "https://registry.yarnpkg.com/ajv/-/ajv-5.2.3.tgz#c06f598778c44c6b161abafe3466b81ad1814ed2"
    dependencies:
      co "^4.6.0"
      fast-deep-equal "^1.0.0"
      json-schema-traverse "^0.3.0"
      json-stable-stringify "^1.0.1"
  
  ajv@^5.3.0:
    version "5.5.2"
    resolved "https://registry.yarnpkg.com/ajv/-/ajv-5.5.2.tgz#73b5eeca3fab653e3d3f9422b341ad42205dc965"
    dependencies:
      co "^4.6.0"
      fast-deep-equal "^1.0.0"
      fast-json-stable-stringify "^2.0.0"
      json-schema-traverse "^0.3.0"
  
  ansi-escapes@^3.0.0:
    version "3.0.0"
    resolved "https://registry.yarnpkg.com/ansi-escapes/-/ansi-escapes-3.0.0.tgz#ec3e8b4e9f8064fc02c3ac9b65f1c275bda8ef92"
  
  ansi-regex@^2.0.0:
    version "2.1.1"
    resolved "https://registry.yarnpkg.com/ansi-regex/-/ansi-regex-2.1.1.tgz#c3b33ab5ee360d86e0e628f0468ae7ef27d654df"
  
  ansi-regex@^3.0.0:
    version "3.0.0"
    resolved "https://registry.yarnpkg.com/ansi-regex/-/ansi-regex-3.0.0.tgz#ed0317c322064f79466c02966bddb605ab37d998"
  
  ansi-styles@^2.2.1:
    version "2.2.1"
    resolved "https://registry.yarnpkg.com/ansi-styles/-/ansi-styles-2.2.1.tgz#b432dd3358b634cf75e1e4664368240533c1ddbe"
  
  ansi-styles@^3.1.0:
    version "3.2.0"
    resolved "https://registry.yarnpkg.com/ansi-styles/-/ansi-styles-3.2.0.tgz#c159b8d5be0f9e5a6f346dab94f16ce022161b88"
    dependencies:
      color-convert "^1.9.0"
  
  argparse@^1.0.7:
    version "1.0.9"
    resolved "https://registry.yarnpkg.com/argparse/-/argparse-1.0.9.tgz#73d83bc263f86e97f8cc4f6bae1b0e90a7d22c86"
    dependencies:
      sprintf-js "~1.0.2"
  
  aria-query@^0.7.0:
    version "0.7.0"
    resolved "https://registry.yarnpkg.com/aria-query/-/aria-query-0.7.0.tgz#4af10a1e61573ddea0cf3b99b51c52c05b424d24"
    dependencies:
      ast-types-flow "0.0.7"
  
  array-find@^1.0.0:
    version "1.0.0"
    resolved "https://registry.yarnpkg.com/array-find/-/array-find-1.0.0.tgz#6c8e286d11ed768327f8e62ecee87353ca3e78b8"
  
  array-includes@^3.0.3:
    version "3.0.3"
    resolved "https://registry.yarnpkg.com/array-includes/-/array-includes-3.0.3.tgz#184b48f62d92d7452bb31b323165c7f8bd02266d"
    dependencies:
      define-properties "^1.1.2"
      es-abstract "^1.7.0"
  
  array-union@^1.0.1:
    version "1.0.2"
    resolved "https://registry.yarnpkg.com/array-union/-/array-union-1.0.2.tgz#9a34410e4f4e3da23dea375be5be70f24778ec39"
    dependencies:
      array-uniq "^1.0.1"
  
  array-uniq@^1.0.1:
    version "1.0.3"
    resolved "https://registry.yarnpkg.com/array-uniq/-/array-uniq-1.0.3.tgz#af6ac877a25cc7f74e058894753858dfdb24fdb6"
  
  arrify@^1.0.0:
    version "1.0.1"
    resolved "https://registry.yarnpkg.com/arrify/-/arrify-1.0.1.tgz#898508da2226f380df904728456849c1501a4b0d"
  
  asap@~2.0.3:
    version "2.0.6"
    resolved "https://registry.yarnpkg.com/asap/-/asap-2.0.6.tgz#e50347611d7e690943208bbdafebcbc2fb866d46"
  
  asn1.js@^4.0.0:
    version "4.9.1"
    resolved "https://registry.yarnpkg.com/asn1.js/-/asn1.js-4.9.1.tgz#48ba240b45a9280e94748990ba597d216617fd40"
    dependencies:
      bn.js "^4.0.0"
      inherits "^2.0.1"
      minimalistic-assert "^1.0.0"
  
  assert@^1.1.1:
    version "1.4.1"
    resolved "https://registry.yarnpkg.com/assert/-/assert-1.4.1.tgz#99912d591836b5a6f5b345c0f07eefc08fc65d91"
    dependencies:
      util "0.10.3"
  
  ast-types-flow@0.0.7:
    version "0.0.7"
    resolved "https://registry.yarnpkg.com/ast-types-flow/-/ast-types-flow-0.0.7.tgz#f70b735c6bca1a5c9c22d982c3e39e7feba3bdad"
  
  axobject-query@^0.1.0:
    version "0.1.0"
    resolved "https://registry.yarnpkg.com/axobject-query/-/axobject-query-0.1.0.tgz#62f59dbc59c9f9242759ca349960e7a2fe3c36c0"
    dependencies:
      ast-types-flow "0.0.7"
  
  babel-code-frame@^6.22.0:
    version "6.26.0"
    resolved "https://registry.yarnpkg.com/babel-code-frame/-/babel-code-frame-6.26.0.tgz#63fd43f7dc1e3bb7ce35947db8fe369a3f58c74b"
    dependencies:
      chalk "^1.1.3"
      esutils "^2.0.2"
      js-tokens "^3.0.2"
  
  babel-runtime@^6.26.0:
    version "6.26.0"
    resolved "https://registry.yarnpkg.com/babel-runtime/-/babel-runtime-6.26.0.tgz#965c7058668e82b55d7bfe04ff2337bc8b5647fe"
    dependencies:
      core-js "^2.4.0"
      regenerator-runtime "^0.11.0"
  
  balanced-match@^1.0.0:
    version "1.0.0"
    resolved "https://registry.yarnpkg.com/balanced-match/-/balanced-match-1.0.0.tgz#89b4d199ab2bee49de164ea02b89ce462d71b767"
  
  base64-js@^1.0.2:
    version "1.2.0"
    resolved "https://registry.yarnpkg.com/base64-js/-/base64-js-1.2.0.tgz#a39992d723584811982be5e290bb6a53d86700f1"
  
  bn.js@^4.0.0, bn.js@^4.1.0, bn.js@^4.1.1, bn.js@^4.4.0:
    version "4.11.6"
    resolved "https://registry.yarnpkg.com/bn.js/-/bn.js-4.11.6.tgz#53344adb14617a13f6e8dd2ce28905d1c0ba3215"
  
  brace-expansion@^1.1.7:
    version "1.1.8"
    resolved "https://registry.yarnpkg.com/brace-expansion/-/brace-expansion-1.1.8.tgz#c07b211c7c952ec1f8efd51a77ef0d1d3990a292"
    dependencies:
      balanced-match "^1.0.0"
      concat-map "0.0.1"
  
  brorand@^1.0.1:
    version "1.1.0"
    resolved "https://registry.yarnpkg.com/brorand/-/brorand-1.1.0.tgz#12c25efe40a45e3c323eb8675a0a0ce57b22371f"
  
  browserify-aes@^1.0.0, browserify-aes@^1.0.4:
    version "1.0.6"
    resolved "https://registry.yarnpkg.com/browserify-aes/-/browserify-aes-1.0.6.tgz#5e7725dbdef1fd5930d4ebab48567ce451c48a0a"
    dependencies:
      buffer-xor "^1.0.2"
      cipher-base "^1.0.0"
      create-hash "^1.1.0"
      evp_bytestokey "^1.0.0"
      inherits "^2.0.1"
  
  browserify-cipher@^1.0.0:
    version "1.0.0"
    resolved "https://registry.yarnpkg.com/browserify-cipher/-/browserify-cipher-1.0.0.tgz#9988244874bf5ed4e28da95666dcd66ac8fc363a"
    dependencies:
      browserify-aes "^1.0.4"
      browserify-des "^1.0.0"
      evp_bytestokey "^1.0.0"
  
  browserify-des@^1.0.0:
    version "1.0.0"
    resolved "https://registry.yarnpkg.com/browserify-des/-/browserify-des-1.0.0.tgz#daa277717470922ed2fe18594118a175439721dd"
    dependencies:
      cipher-base "^1.0.1"
      des.js "^1.0.0"
      inherits "^2.0.1"
  
  browserify-rsa@^4.0.0:
    version "4.0.1"
    resolved "https://registry.yarnpkg.com/browserify-rsa/-/browserify-rsa-4.0.1.tgz#21e0abfaf6f2029cf2fafb133567a701d4135524"
    dependencies:
      bn.js "^4.1.0"
      randombytes "^2.0.1"
  
  browserify-sign@^4.0.0:
    version "4.0.0"
    resolved "https://registry.yarnpkg.com/browserify-sign/-/browserify-sign-4.0.0.tgz#10773910c3c206d5420a46aad8694f820b85968f"
    dependencies:
      bn.js "^4.1.1"
      browserify-rsa "^4.0.0"
      create-hash "^1.1.0"
      create-hmac "^1.1.2"
      elliptic "^6.0.0"
      inherits "^2.0.1"
      parse-asn1 "^5.0.0"
  
  browserify-zlib@^0.2.0:
    version "0.2.0"
    resolved "https://registry.yarnpkg.com/browserify-zlib/-/browserify-zlib-0.2.0.tgz#2869459d9aa3be245fe8fe2ca1f46e2e7f54d73f"
    dependencies:
      pako "~1.0.5"
  
  browserslist@^2.11.3:
    version "2.11.3"
    resolved "https://registry.yarnpkg.com/browserslist/-/browserslist-2.11.3.tgz#fe36167aed1bbcde4827ebfe71347a2cc70b99b2"
    dependencies:
      caniuse-lite "^1.0.30000792"
      electron-to-chromium "^1.3.30"
  
  buffer-shims@^1.0.0:
    version "1.0.0"
    resolved "https://registry.yarnpkg.com/buffer-shims/-/buffer-shims-1.0.0.tgz#9978ce317388c649ad8793028c3477ef044a8b51"
  
  buffer-xor@^1.0.2:
    version "1.0.3"
    resolved "https://registry.yarnpkg.com/buffer-xor/-/buffer-xor-1.0.3.tgz#26e61ed1422fb70dd42e6e36729ed51d855fe8d9"
  
  buffer@^4.3.0:
    version "4.9.1"
    resolved "https://registry.yarnpkg.com/buffer/-/buffer-4.9.1.tgz#6d1bb601b07a4efced97094132093027c95bc298"
    dependencies:
      base64-js "^1.0.2"
      ieee754 "^1.1.4"
      isarray "^1.0.0"
  
  builtin-modules@^1.0.0:
    version "1.1.1"
    resolved "https://registry.yarnpkg.com/builtin-modules/-/builtin-modules-1.1.1.tgz#270f076c5a72c02f5b65a47df94c5fe3a278892f"
  
  builtin-status-codes@^3.0.0:
    version "3.0.0"
    resolved "https://registry.yarnpkg.com/builtin-status-codes/-/builtin-status-codes-3.0.0.tgz#85982878e21b98e1c66425e03d0174788f569ee8"
  
  caller-path@^0.1.0:
    version "0.1.0"
    resolved "https://registry.yarnpkg.com/caller-path/-/caller-path-0.1.0.tgz#94085ef63581ecd3daa92444a8fe94e82577751f"
    dependencies:
      callsites "^0.2.0"
  
  callsites@^0.2.0:
    version "0.2.0"
    resolved "https://registry.yarnpkg.com/callsites/-/callsites-0.2.0.tgz#afab96262910a7f33c19a5775825c69f34e350ca"
  
  caniuse-db@^1.0.30000794:
    version "1.0.30000843"
    resolved "https://registry.yarnpkg.com/caniuse-db/-/caniuse-db-1.0.30000843.tgz#4f7e8501f557dc9bcd37dd33ac85905c765efec2"
  
  caniuse-lite@^1.0.30000792:
    version "1.0.30000843"
    resolved "https://registry.yarnpkg.com/caniuse-lite/-/caniuse-lite-1.0.30000843.tgz#4fdec258dc641c385744cdd49d23c5459c3d4411"
  
  chalk@^1.0.0, chalk@^1.1.3:
    version "1.1.3"
    resolved "https://registry.yarnpkg.com/chalk/-/chalk-1.1.3.tgz#a8115c55e4a702fe4d150abd3872822a7e09fc98"
    dependencies:
      ansi-styles "^2.2.1"
      escape-string-regexp "^1.0.2"
      has-ansi "^2.0.0"
      strip-ansi "^3.0.0"
      supports-color "^2.0.0"
  
  chalk@^2.0.0, chalk@^2.1.0:
    version "2.2.0"
    resolved "https://registry.yarnpkg.com/chalk/-/chalk-2.2.0.tgz#477b3bf2f9b8fd5ca9e429747e37f724ee7af240"
    dependencies:
      ansi-styles "^3.1.0"
      escape-string-regexp "^1.0.5"
      supports-color "^4.0.0"
  
  cipher-base@^1.0.0, cipher-base@^1.0.1:
    version "1.0.3"
    resolved "https://registry.yarnpkg.com/cipher-base/-/cipher-base-1.0.3.tgz#eeabf194419ce900da3018c207d212f2a6df0a07"
    dependencies:
      inherits "^2.0.1"
  
  circular-json@^0.3.1:
    version "0.3.3"
    resolved "https://registry.yarnpkg.com/circular-json/-/circular-json-0.3.3.tgz#815c99ea84f6809529d2f45791bdf82711352d66"
  
  clean-regexp@^1.0.0:
    version "1.0.0"
    resolved "https://registry.yarnpkg.com/clean-regexp/-/clean-regexp-1.0.0.tgz#8df7c7aae51fd36874e8f8d05b9180bc11a3fed7"
    dependencies:
      escape-string-regexp "^1.0.5"
  
  cli-cursor@^2.1.0:
    version "2.1.0"
    resolved "https://registry.yarnpkg.com/cli-cursor/-/cli-cursor-2.1.0.tgz#b35dac376479facc3e94747d41d0d0f5238ffcb5"
    dependencies:
      restore-cursor "^2.0.0"
  
  cli-width@^2.0.0:
    version "2.2.0"
    resolved "https://registry.yarnpkg.com/cli-width/-/cli-width-2.2.0.tgz#ff19ede8a9a5e579324147b0c11f0fbcbabed639"
  
  co@^4.6.0:
    version "4.6.0"
    resolved "https://registry.yarnpkg.com/co/-/co-4.6.0.tgz#6ea6bdf3d853ae54ccb8e47bfa0bf3f9031fb184"
  
  color-convert@^1.9.0:
    version "1.9.0"
    resolved "https://registry.yarnpkg.com/color-convert/-/color-convert-1.9.0.tgz#1accf97dd739b983bf994d56fec8f95853641b7a"
    dependencies:
      color-name "^1.1.1"
  
  color-name@^1.1.1:
    version "1.1.3"
    resolved "https://registry.yarnpkg.com/color-name/-/color-name-1.1.3.tgz#a7d0558bd89c42f795dd42328f740831ca53bc25"
  
  comment-parser@^0.4.2:
    version "0.4.2"
    resolved "https://registry.yarnpkg.com/comment-parser/-/comment-parser-0.4.2.tgz#fa5a3f78013070114866dc7b8e9cf317a9635f74"
    dependencies:
      readable-stream "^2.0.4"
  
  concat-map@0.0.1:
    version "0.0.1"
    resolved "https://registry.yarnpkg.com/concat-map/-/concat-map-0.0.1.tgz#d8a96bd77fd68df7793a73036a3ba0d5405d477b"
  
  concat-stream@^1.6.0:
    version "1.6.0"
    resolved "https://registry.yarnpkg.com/concat-stream/-/concat-stream-1.6.0.tgz#0aac662fd52be78964d5532f694784e70110acf7"
    dependencies:
      inherits "^2.0.3"
      readable-stream "^2.2.2"
      typedarray "^0.0.6"
  
  console-browserify@^1.1.0:
    version "1.1.0"
    resolved "https://registry.yarnpkg.com/console-browserify/-/console-browserify-1.1.0.tgz#f0241c45730a9fc6323b206dbf38edc741d0bb10"
    dependencies:
      date-now "^0.1.4"
  
  constants-browserify@^1.0.0:
    version "1.0.0"
    resolved "https://registry.yarnpkg.com/constants-browserify/-/constants-browserify-1.0.0.tgz#c20b96d8c617748aaf1c16021760cd27fcb8cb75"
  
  contains-path@^0.1.0:
    version "0.1.0"
    resolved "https://registry.yarnpkg.com/contains-path/-/contains-path-0.1.0.tgz#fe8cf184ff6670b6baef01a9d4861a5cbec4120a"
  
  core-js@^1.0.0:
    version "1.2.7"
    resolved "https://registry.yarnpkg.com/core-js/-/core-js-1.2.7.tgz#652294c14651db28fa93bd2d5ff2983a4f08c636"
  
  core-js@^2.4.0:
    version "2.4.1"
    resolved "https://registry.yarnpkg.com/core-js/-/core-js-2.4.1.tgz#4de911e667b0eae9124e34254b53aea6fc618d3e"
  
  core-util-is@~1.0.0:
    version "1.0.2"
    resolved "https://registry.yarnpkg.com/core-util-is/-/core-util-is-1.0.2.tgz#b5fd54220aa2bc5ab57aab7140c940754503c1a7"
  
  create-ecdh@^4.0.0:
    version "4.0.0"
    resolved "https://registry.yarnpkg.com/create-ecdh/-/create-ecdh-4.0.0.tgz#888c723596cdf7612f6498233eebd7a35301737d"
    dependencies:
      bn.js "^4.1.0"
      elliptic "^6.0.0"
  
  create-hash@^1.1.0, create-hash@^1.1.1:
    version "1.1.2"
    resolved "https://registry.yarnpkg.com/create-hash/-/create-hash-1.1.2.tgz#51210062d7bb7479f6c65bb41a92208b1d61abad"
    dependencies:
      cipher-base "^1.0.1"
      inherits "^2.0.1"
      ripemd160 "^1.0.0"
      sha.js "^2.3.6"
  
  create-hmac@^1.1.0, create-hmac@^1.1.2:
    version "1.1.4"
    resolved "https://registry.yarnpkg.com/create-hmac/-/create-hmac-1.1.4.tgz#d3fb4ba253eb8b3f56e39ea2fbcb8af747bd3170"
    dependencies:
      create-hash "^1.1.0"
      inherits "^2.0.1"
  
  cross-spawn@^5.1.0:
    version "5.1.0"
    resolved "https://registry.yarnpkg.com/cross-spawn/-/cross-spawn-5.1.0.tgz#e8bd0efee58fcff6f8f94510a0a554bbfa235449"
    dependencies:
      lru-cache "^4.0.1"
      shebang-command "^1.2.0"
      which "^1.2.9"
  
  crypto-browserify@^3.11.0:
    version "3.11.0"
    resolved "https://registry.yarnpkg.com/crypto-browserify/-/crypto-browserify-3.11.0.tgz#3652a0906ab9b2a7e0c3ce66a408e957a2485522"
    dependencies:
      browserify-cipher "^1.0.0"
      browserify-sign "^4.0.0"
      create-ecdh "^4.0.0"
      create-hash "^1.1.0"
      create-hmac "^1.1.0"
      diffie-hellman "^5.0.0"
      inherits "^2.0.1"
      pbkdf2 "^3.0.3"
      public-encrypt "^4.0.0"
      randombytes "^2.0.0"
  
  damerau-levenshtein@^1.0.0:
    version "1.0.3"
    resolved "https://registry.yarnpkg.com/damerau-levenshtein/-/damerau-levenshtein-1.0.3.tgz#ae4f4ce0b62acae10ff63a01bb08f652f5213af2"
  
  date-now@^0.1.4:
    version "0.1.4"
    resolved "https://registry.yarnpkg.com/date-now/-/date-now-0.1.4.tgz#eaf439fd4d4848ad74e5cc7dbef200672b9e345b"
  
  debug@^2.6.8:
    version "2.6.9"
    resolved "https://registry.yarnpkg.com/debug/-/debug-2.6.9.tgz#5d128515df134ff327e90a4c93f4e077a536341f"
    dependencies:
      ms "2.0.0"
  
  debug@^3.1.0:
    version "3.1.0"
    resolved "https://registry.yarnpkg.com/debug/-/debug-3.1.0.tgz#5bb5a0672628b64149566ba16819e61518c67261"
    dependencies:
      ms "2.0.0"
  
  deep-equal@~1.0.1:
    version "1.0.1"
    resolved "https://registry.yarnpkg.com/deep-equal/-/deep-equal-1.0.1.tgz#f5d260292b660e084eff4cdbc9f08ad3247448b5"
  
  deep-is@~0.1.3:
    version "0.1.3"
    resolved "https://registry.yarnpkg.com/deep-is/-/deep-is-0.1.3.tgz#b369d6fb5dbc13eecf524f91b070feedc357cf34"
  
  define-properties@^1.1.2:
    version "1.1.2"
    resolved "https://registry.yarnpkg.com/define-properties/-/define-properties-1.1.2.tgz#83a73f2fea569898fb737193c8f873caf6d45c94"
    dependencies:
      foreach "^2.0.5"
      object-keys "^1.0.8"
  
  defined@~1.0.0:
    version "1.0.0"
    resolved "https://registry.yarnpkg.com/defined/-/defined-1.0.0.tgz#c98d9bcef75674188e110969151199e39b1fa693"
  
  del@^2.0.2:
    version "2.2.2"
    resolved "https://registry.yarnpkg.com/del/-/del-2.2.2.tgz#c12c981d067846c84bcaf862cff930d907ffd1a8"
    dependencies:
      globby "^5.0.0"
      is-path-cwd "^1.0.0"
      is-path-in-cwd "^1.0.0"
      object-assign "^4.0.1"
      pify "^2.0.0"
      pinkie-promise "^2.0.0"
      rimraf "^2.2.8"
  
  des.js@^1.0.0:
    version "1.0.0"
    resolved "https://registry.yarnpkg.com/des.js/-/des.js-1.0.0.tgz#c074d2e2aa6a8a9a07dbd61f9a15c2cd83ec8ecc"
    dependencies:
      inherits "^2.0.1"
      minimalistic-assert "^1.0.0"
  
  diffie-hellman@^5.0.0:
    version "5.0.2"
    resolved "https://registry.yarnpkg.com/diffie-hellman/-/diffie-hellman-5.0.2.tgz#b5835739270cfe26acf632099fded2a07f209e5e"
    dependencies:
      bn.js "^4.1.0"
      miller-rabin "^4.0.0"
      randombytes "^2.0.0"
  
  doctrine@1.5.0:
    version "1.5.0"
    resolved "https://registry.yarnpkg.com/doctrine/-/doctrine-1.5.0.tgz#379dce730f6166f76cefa4e6707a159b02c5a6fa"
    dependencies:
      esutils "^2.0.2"
      isarray "^1.0.0"
  
  doctrine@^2.0.2, doctrine@^2.1.0:
    version "2.1.0"
    resolved "https://registry.yarnpkg.com/doctrine/-/doctrine-2.1.0.tgz#5cd01fc101621b42c4cd7f5d1a66243716d3f39d"
    dependencies:
      esutils "^2.0.2"
  
  domain-browser@^1.1.1:
    version "1.1.7"
    resolved "https://registry.yarnpkg.com/domain-browser/-/domain-browser-1.1.7.tgz#867aa4b093faa05f1de08c06f4d7b21fdf8698bc"
  
  duplexer@^0.1.1:
    version "0.1.1"
    resolved "https://registry.yarnpkg.com/duplexer/-/duplexer-0.1.1.tgz#ace6ff808c1ce66b57d1ebf97977acb02334cfc1"
  
  electron-to-chromium@^1.3.30:
    version "1.3.47"
    resolved "https://registry.yarnpkg.com/electron-to-chromium/-/electron-to-chromium-1.3.47.tgz#764e887ca9104d01a0ac8eabee7dfc0e2ce14104"
  
  elliptic@^6.0.0:
    version "6.4.0"
    resolved "https://registry.yarnpkg.com/elliptic/-/elliptic-6.4.0.tgz#cac9af8762c85836187003c8dfe193e5e2eae5df"
    dependencies:
      bn.js "^4.4.0"
      brorand "^1.0.1"
      hash.js "^1.0.0"
      hmac-drbg "^1.0.0"
      inherits "^2.0.1"
      minimalistic-assert "^1.0.0"
      minimalistic-crypto-utils "^1.0.0"
  
  emoji-regex@^6.1.0:
    version "6.1.0"
    resolved "https://registry.yarnpkg.com/emoji-regex/-/emoji-regex-6.1.0.tgz#d14ef743a7dfa6eaf436882bd1920a4aed84dd94"
  
  encoding@^0.1.11:
    version "0.1.12"
    resolved "https://registry.yarnpkg.com/encoding/-/encoding-0.1.12.tgz#538b66f3ee62cd1ab51ec323829d1f9480c74beb"
    dependencies:
      iconv-lite "~0.4.13"
  
  enhanced-resolve@~0.9.0:
    version "0.9.1"
    resolved "https://registry.yarnpkg.com/enhanced-resolve/-/enhanced-resolve-0.9.1.tgz#4d6e689b3725f86090927ccc86cd9f1635b89e2e"
    dependencies:
      graceful-fs "^4.1.2"
      memory-fs "^0.2.0"
      tapable "^0.1.8"
  
  error-ex@^1.2.0:
    version "1.3.1"
    resolved "https://registry.yarnpkg.com/error-ex/-/error-ex-1.3.1.tgz#f855a86ce61adc4e8621c3cda21e7a7612c3a8dc"
    dependencies:
      is-arrayish "^0.2.1"
  
  es-abstract@^1.5.0:
    version "1.7.0"
    resolved "https://registry.yarnpkg.com/es-abstract/-/es-abstract-1.7.0.tgz#dfade774e01bfcd97f96180298c449c8623fb94c"
    dependencies:
      es-to-primitive "^1.1.1"
      function-bind "^1.1.0"
      is-callable "^1.1.3"
      is-regex "^1.0.3"
  
  es-abstract@^1.7.0:
    version "1.9.0"
    resolved "https://registry.yarnpkg.com/es-abstract/-/es-abstract-1.9.0.tgz#690829a07cae36b222e7fd9b75c0d0573eb25227"
    dependencies:
      es-to-primitive "^1.1.1"
      function-bind "^1.1.1"
      has "^1.0.1"
      is-callable "^1.1.3"
      is-regex "^1.0.4"
  
  es-to-primitive@^1.1.1:
    version "1.1.1"
    resolved "https://registry.yarnpkg.com/es-to-primitive/-/es-to-primitive-1.1.1.tgz#45355248a88979034b6792e19bb81f2b7975dd0d"
    dependencies:
      is-callable "^1.1.1"
      is-date-object "^1.0.1"
      is-symbol "^1.0.1"
  
  escape-string-regexp@^1.0.2, escape-string-regexp@^1.0.5:
    version "1.0.5"
    resolved "https://registry.yarnpkg.com/escape-string-regexp/-/escape-string-regexp-1.0.5.tgz#1b61c0562190a8dff6ae3bb2cf0200ca130b86d4"
  
  eslint-ast-utils@^1.0.0:
    version "1.1.0"
    resolved "https://registry.yarnpkg.com/eslint-ast-utils/-/eslint-ast-utils-1.1.0.tgz#3d58ba557801cfb1c941d68131ee9f8c34bd1586"
    dependencies:
      lodash.get "^4.4.2"
      lodash.zip "^4.2.0"
  
  eslint-config-airbnb-base@^12.1.0:
    version "12.1.0"
    resolved "https://registry.yarnpkg.com/eslint-config-airbnb-base/-/eslint-config-airbnb-base-12.1.0.tgz#386441e54a12ccd957b0a92564a4bafebd747944"
    dependencies:
      eslint-restricted-globals "^0.1.1"
  
  eslint-config-airbnb@^16.1.0:
    version "16.1.0"
    resolved "https://registry.yarnpkg.com/eslint-config-airbnb/-/eslint-config-airbnb-16.1.0.tgz#2546bfb02cc9fe92284bf1723ccf2e87bc45ca46"
    dependencies:
      eslint-config-airbnb-base "^12.1.0"
  
  eslint-import-resolver-node@^0.3.1:
    version "0.3.1"
    resolved "https://registry.yarnpkg.com/eslint-import-resolver-node/-/eslint-import-resolver-node-0.3.1.tgz#4422574cde66a9a7b099938ee4d508a199e0e3cc"
    dependencies:
      debug "^2.6.8"
      resolve "^1.2.0"
  
  eslint-import-resolver-webpack@^0.10.0:
    version "0.10.0"
    resolved "https://registry.yarnpkg.com/eslint-import-resolver-webpack/-/eslint-import-resolver-webpack-0.10.0.tgz#b6f2468dc3e8b4ea076e5d75bece8da932789b07"
    dependencies:
      array-find "^1.0.0"
      debug "^2.6.8"
      enhanced-resolve "~0.9.0"
      find-root "^1.1.0"
      has "^1.0.1"
      interpret "^1.0.0"
      lodash "^4.17.4"
      node-libs-browser "^1.0.0 || ^2.0.0"
      resolve "^1.4.0"
      semver "^5.3.0"
  
  eslint-module-utils@^2.2.0:
    version "2.2.0"
    resolved "https://registry.yarnpkg.com/eslint-module-utils/-/eslint-module-utils-2.2.0.tgz#b270362cd88b1a48ad308976ce7fa54e98411746"
    dependencies:
      debug "^2.6.8"
      pkg-dir "^1.0.0"
  
  eslint-plugin-compat@^2.2.0:
    version "2.2.0"
    resolved "https://registry.yarnpkg.com/eslint-plugin-compat/-/eslint-plugin-compat-2.2.0.tgz#d612a9988d9fba66bcd8e86fcc1b551753aac995"
    dependencies:
      babel-runtime "^6.26.0"
      browserslist "^2.11.3"
      caniuse-db "^1.0.30000794"
      mdn-browser-compat-data "^0.0.20"
      requireindex "^1.1.0"
  
  eslint-plugin-css-modules@^2.7.3:
    version "2.7.5"
    resolved "https://registry.yarnpkg.com/eslint-plugin-css-modules/-/eslint-plugin-css-modules-2.7.5.tgz#a4f49d3b585c721b37a8fee810af40373906bb1c"
    dependencies:
      gonzales-pe "^4.0.3"
      lodash "^4.17.2"
  
  eslint-plugin-import@^2.12.0:
    version "2.12.0"
    resolved "https://registry.yarnpkg.com/eslint-plugin-import/-/eslint-plugin-import-2.12.0.tgz#dad31781292d6664b25317fd049d2e2b2f02205d"
    dependencies:
      contains-path "^0.1.0"
      debug "^2.6.8"
      doctrine "1.5.0"
      eslint-import-resolver-node "^0.3.1"
      eslint-module-utils "^2.2.0"
      has "^1.0.1"
      lodash "^4.17.4"
      minimatch "^3.0.3"
      read-pkg-up "^2.0.0"
      resolve "^1.6.0"
  
  eslint-plugin-jsdoc@^3.7.0:
    version "3.7.0"
    resolved "https://registry.yarnpkg.com/eslint-plugin-jsdoc/-/eslint-plugin-jsdoc-3.7.0.tgz#b7ce206f99efdc4c0a31b492ae5aedfb06f03dc6"
    dependencies:
      comment-parser "^0.4.2"
      jsdoctypeparser "^2.0.0-alpha-8"
      lodash "^4.17.4"
  
  eslint-plugin-jsx-a11y@^6.0.3:
    version "6.0.3"
    resolved "https://registry.yarnpkg.com/eslint-plugin-jsx-a11y/-/eslint-plugin-jsx-a11y-6.0.3.tgz#54583d1ae442483162e040e13cc31865465100e5"
    dependencies:
      aria-query "^0.7.0"
      array-includes "^3.0.3"
      ast-types-flow "0.0.7"
      axobject-query "^0.1.0"
      damerau-levenshtein "^1.0.0"
      emoji-regex "^6.1.0"
      jsx-ast-utils "^2.0.0"
  
  eslint-plugin-react@^7.8.2:
    version "7.8.2"
    resolved "https://registry.yarnpkg.com/eslint-plugin-react/-/eslint-plugin-react-7.8.2.tgz#e95c9c47fece55d2303d1a67c9d01b930b88a51d"
    dependencies:
      doctrine "^2.0.2"
      has "^1.0.1"
      jsx-ast-utils "^2.0.1"
      prop-types "^15.6.0"
  
  eslint-plugin-sort-class-members@^1.3.1:
    version "1.3.1"
    resolved "https://registry.yarnpkg.com/eslint-plugin-sort-class-members/-/eslint-plugin-sort-class-members-1.3.1.tgz#36a1790855cbd971d9f49701b4aadc2e1ccb83c6"
  
  eslint-plugin-unicorn@^4.0.3:
    version "4.0.3"
    resolved "https://registry.yarnpkg.com/eslint-plugin-unicorn/-/eslint-plugin-unicorn-4.0.3.tgz#7e9998711bf237809ed1881a51a77000b2f40586"
    dependencies:
      clean-regexp "^1.0.0"
      eslint-ast-utils "^1.0.0"
      import-modules "^1.1.0"
      lodash.camelcase "^4.1.1"
      lodash.kebabcase "^4.0.1"
      lodash.snakecase "^4.0.1"
      lodash.upperfirst "^4.2.0"
      safe-regex "^1.1.0"
  
  eslint-restricted-globals@^0.1.1:
    version "0.1.1"
    resolved "https://registry.yarnpkg.com/eslint-restricted-globals/-/eslint-restricted-globals-0.1.1.tgz#35f0d5cbc64c2e3ed62e93b4b1a7af05ba7ed4d7"
  
  eslint-scope@^3.7.1:
    version "3.7.1"
    resolved "https://registry.yarnpkg.com/eslint-scope/-/eslint-scope-3.7.1.tgz#3d63c3edfda02e06e01a452ad88caacc7cdcb6e8"
    dependencies:
      esrecurse "^4.1.0"
      estraverse "^4.1.1"
  
  eslint-visitor-keys@^1.0.0:
    version "1.0.0"
    resolved "https://registry.yarnpkg.com/eslint-visitor-keys/-/eslint-visitor-keys-1.0.0.tgz#3f3180fb2e291017716acb4c9d6d5b5c34a6a81d"
  
  eslint@^4.19.1:
    version "4.19.1"
    resolved "https://registry.yarnpkg.com/eslint/-/eslint-4.19.1.tgz#32d1d653e1d90408854bfb296f076ec7e186a300"
    dependencies:
      ajv "^5.3.0"
      babel-code-frame "^6.22.0"
      chalk "^2.1.0"
      concat-stream "^1.6.0"
      cross-spawn "^5.1.0"
      debug "^3.1.0"
      doctrine "^2.1.0"
      eslint-scope "^3.7.1"
      eslint-visitor-keys "^1.0.0"
      espree "^3.5.4"
      esquery "^1.0.0"
      esutils "^2.0.2"
      file-entry-cache "^2.0.0"
      functional-red-black-tree "^1.0.1"
      glob "^7.1.2"
      globals "^11.0.1"
      ignore "^3.3.3"
      imurmurhash "^0.1.4"
      inquirer "^3.0.6"
      is-resolvable "^1.0.0"
      js-yaml "^3.9.1"
      json-stable-stringify-without-jsonify "^1.0.1"
      levn "^0.3.0"
      lodash "^4.17.4"
      minimatch "^3.0.2"
      mkdirp "^0.5.1"
      natural-compare "^1.4.0"
      optionator "^0.8.2"
      path-is-inside "^1.0.2"
      pluralize "^7.0.0"
      progress "^2.0.0"
      regexpp "^1.0.1"
      require-uncached "^1.0.3"
      semver "^5.3.0"
      strip-ansi "^4.0.0"
      strip-json-comments "~2.0.1"
      table "4.0.2"
      text-table "~0.2.0"
  
  espree@^3.5.4:
    version "3.5.4"
    resolved "https://registry.yarnpkg.com/espree/-/espree-3.5.4.tgz#b0f447187c8a8bed944b815a660bddf5deb5d1a7"
    dependencies:
      acorn "^5.5.0"
      acorn-jsx "^3.0.0"
  
  esprima@^4.0.0:
    version "4.0.0"
    resolved "https://registry.yarnpkg.com/esprima/-/esprima-4.0.0.tgz#4499eddcd1110e0b218bacf2fa7f7f59f55ca804"
  
  esquery@^1.0.0:
    version "1.0.0"
    resolved "https://registry.yarnpkg.com/esquery/-/esquery-1.0.0.tgz#cfba8b57d7fba93f17298a8a006a04cda13d80fa"
    dependencies:
      estraverse "^4.0.0"
  
  esrecurse@^4.1.0:
    version "4.2.0"
    resolved "https://registry.yarnpkg.com/esrecurse/-/esrecurse-4.2.0.tgz#fa9568d98d3823f9a41d91e902dcab9ea6e5b163"
    dependencies:
      estraverse "^4.1.0"
      object-assign "^4.0.1"
  
  estraverse@^4.0.0, estraverse@^4.1.0, estraverse@^4.1.1:
    version "4.2.0"
    resolved "https://registry.yarnpkg.com/estraverse/-/estraverse-4.2.0.tgz#0dee3fed31fcd469618ce7342099fc1afa0bdb13"
  
  esutils@^2.0.2:
    version "2.0.2"
    resolved "https://registry.yarnpkg.com/esutils/-/esutils-2.0.2.tgz#0abf4f1caa5bcb1f7a9d8acc6dea4faaa04bac9b"
  
  events@^1.0.0:
    version "1.1.1"
    resolved "https://registry.yarnpkg.com/events/-/events-1.1.1.tgz#9ebdb7635ad099c70dcc4c2a1f5004288e8bd924"
  
  evp_bytestokey@^1.0.0:
    version "1.0.0"
    resolved "https://registry.yarnpkg.com/evp_bytestokey/-/evp_bytestokey-1.0.0.tgz#497b66ad9fef65cd7c08a6180824ba1476b66e53"
    dependencies:
      create-hash "^1.1.1"
  
  extend@3.0.1:
    version "3.0.1"
    resolved "https://registry.yarnpkg.com/extend/-/extend-3.0.1.tgz#a755ea7bc1adfcc5a31ce7e762dbaadc5e636444"
  
  external-editor@^2.0.4:
    version "2.0.5"
    resolved "https://registry.yarnpkg.com/external-editor/-/external-editor-2.0.5.tgz#52c249a3981b9ba187c7cacf5beb50bf1d91a6bc"
    dependencies:
      iconv-lite "^0.4.17"
      jschardet "^1.4.2"
      tmp "^0.0.33"
  
  fast-deep-equal@^1.0.0:
    version "1.0.0"
    resolved "https://registry.yarnpkg.com/fast-deep-equal/-/fast-deep-equal-1.0.0.tgz#96256a3bc975595eb36d82e9929d060d893439ff"
  
  fast-json-stable-stringify@^2.0.0:
    version "2.0.0"
    resolved "https://registry.yarnpkg.com/fast-json-stable-stringify/-/fast-json-stable-stringify-2.0.0.tgz#d5142c0caee6b1189f87d3a76111064f86c8bbf2"
  
  fast-levenshtein@~2.0.4:
    version "2.0.6"
    resolved "https://registry.yarnpkg.com/fast-levenshtein/-/fast-levenshtein-2.0.6.tgz#3d8a5c66883a16a30ca8643e851f19baa7797917"
  
  fbjs@^0.8.16:
    version "0.8.16"
    resolved "https://registry.yarnpkg.com/fbjs/-/fbjs-0.8.16.tgz#5e67432f550dc41b572bf55847b8aca64e5337db"
    dependencies:
      core-js "^1.0.0"
      isomorphic-fetch "^2.1.1"
      loose-envify "^1.0.0"
      object-assign "^4.1.0"
      promise "^7.1.1"
      setimmediate "^1.0.5"
      ua-parser-js "^0.7.9"
  
  figures@^1.4.0:
    version "1.7.0"
    resolved "https://registry.yarnpkg.com/figures/-/figures-1.7.0.tgz#cbe1e3affcf1cd44b80cadfed28dc793a9701d2e"
    dependencies:
      escape-string-regexp "^1.0.5"
      object-assign "^4.1.0"
  
  figures@^2.0.0:
    version "2.0.0"
    resolved "https://registry.yarnpkg.com/figures/-/figures-2.0.0.tgz#3ab1a2d2a62c8bfb431a0c94cb797a2fce27c962"
    dependencies:
      escape-string-regexp "^1.0.5"
  
  file-entry-cache@^2.0.0:
    version "2.0.0"
    resolved "https://registry.yarnpkg.com/file-entry-cache/-/file-entry-cache-2.0.0.tgz#c392990c3e684783d838b8c84a45d8a048458361"
    dependencies:
      flat-cache "^1.2.1"
      object-assign "^4.0.1"
  
  find-root@^1.1.0:
    version "1.1.0"
    resolved "https://registry.yarnpkg.com/find-root/-/find-root-1.1.0.tgz#abcfc8ba76f708c42a97b3d685b7e9450bfb9ce4"
  
  find-up@^1.0.0:
    version "1.1.2"
    resolved "https://registry.yarnpkg.com/find-up/-/find-up-1.1.2.tgz#6b2e9822b1a2ce0a60ab64d610eccad53cb24d0f"
    dependencies:
      path-exists "^2.0.0"
      pinkie-promise "^2.0.0"
  
  find-up@^2.0.0:
    version "2.1.0"
    resolved "https://registry.yarnpkg.com/find-up/-/find-up-2.1.0.tgz#45d1b7e506c717ddd482775a2b77920a3c0c57a7"
    dependencies:
      locate-path "^2.0.0"
  
  flat-cache@^1.2.1:
    version "1.3.0"
    resolved "https://registry.yarnpkg.com/flat-cache/-/flat-cache-1.3.0.tgz#d3030b32b38154f4e3b7e9c709f490f7ef97c481"
    dependencies:
      circular-json "^0.3.1"
      del "^2.0.2"
      graceful-fs "^4.1.2"
      write "^0.2.1"
  
  for-each@~0.3.2:
    version "0.3.2"
    resolved "https://registry.yarnpkg.com/for-each/-/for-each-0.3.2.tgz#2c40450b9348e97f281322593ba96704b9abd4d4"
    dependencies:
      is-function "~1.0.0"
  
  foreach@^2.0.5:
    version "2.0.5"
    resolved "https://registry.yarnpkg.com/foreach/-/foreach-2.0.5.tgz#0bee005018aeb260d0a3af3ae658dd0136ec1b99"
  
  fs.realpath@^1.0.0:
    version "1.0.0"
    resolved "https://registry.yarnpkg.com/fs.realpath/-/fs.realpath-1.0.0.tgz#1504ad2523158caa40db4a2787cb01411994ea4f"
  
  function-bind@^1.0.2, function-bind@^1.1.0, function-bind@^1.1.1, function-bind@~1.1.1:
    version "1.1.1"
    resolved "https://registry.yarnpkg.com/function-bind/-/function-bind-1.1.1.tgz#a56899d3ea3c9bab874bb9773b7c5ede92f4895d"
  
  functional-red-black-tree@^1.0.1:
    version "1.0.1"
    resolved "https://registry.yarnpkg.com/functional-red-black-tree/-/functional-red-black-tree-1.0.1.tgz#1b0ab3bd553b2a0d6399d29c0e3ea0b252078327"
  
  glob@^7.0.3, glob@^7.0.5, glob@^7.1.2, glob@~7.1.2:
    version "7.1.2"
    resolved "https://registry.yarnpkg.com/glob/-/glob-7.1.2.tgz#c19c9df9a028702d678612384a6552404c636d15"
    dependencies:
      fs.realpath "^1.0.0"
      inflight "^1.0.4"
      inherits "2"
      minimatch "^3.0.4"
      once "^1.3.0"
      path-is-absolute "^1.0.0"
  
  globals@^11.0.1:
    version "11.5.0"
    resolved "https://registry.yarnpkg.com/globals/-/globals-11.5.0.tgz#6bc840de6771173b191f13d3a9c94d441ee92642"
  
  globby@^5.0.0:
    version "5.0.0"
    resolved "https://registry.yarnpkg.com/globby/-/globby-5.0.0.tgz#ebd84667ca0dbb330b99bcfc68eac2bc54370e0d"
    dependencies:
      array-union "^1.0.1"
      arrify "^1.0.0"
      glob "^7.0.3"
      object-assign "^4.0.1"
      pify "^2.0.0"
      pinkie-promise "^2.0.0"
  
  gonzales-pe@^4.0.3:
    version "4.2.2"
    resolved "https://registry.yarnpkg.com/gonzales-pe/-/gonzales-pe-4.2.2.tgz#f50a8c17842f13a9007909b7cb32188266e4d74c"
    dependencies:
      minimist "1.1.x"
  
  graceful-fs@^4.1.2:
    version "4.1.11"
    resolved "https://registry.yarnpkg.com/graceful-fs/-/graceful-fs-4.1.11.tgz#0e8bdfe4d1ddb8854d64e04ea7c00e2a026e5658"
  
  has-ansi@^2.0.0:
    version "2.0.0"
    resolved "https://registry.yarnpkg.com/has-ansi/-/has-ansi-2.0.0.tgz#34f5049ce1ecdf2b0649af3ef24e45ed35416d91"
    dependencies:
      ansi-regex "^2.0.0"
  
  has-flag@^2.0.0:
    version "2.0.0"
    resolved "https://registry.yarnpkg.com/has-flag/-/has-flag-2.0.0.tgz#e8207af1cc7b30d446cc70b734b5e8be18f88d51"
  
  has@^1.0.1, has@~1.0.1:
    version "1.0.1"
    resolved "https://registry.yarnpkg.com/has/-/has-1.0.1.tgz#8461733f538b0837c9361e39a9ab9e9704dc2f28"
    dependencies:
      function-bind "^1.0.2"
  
  hash.js@^1.0.0, hash.js@^1.0.3:
    version "1.0.3"
    resolved "https://registry.yarnpkg.com/hash.js/-/hash.js-1.0.3.tgz#1332ff00156c0a0ffdd8236013d07b77a0451573"
    dependencies:
      inherits "^2.0.1"
  
  hmac-drbg@^1.0.0:
    version "1.0.0"
    resolved "https://registry.yarnpkg.com/hmac-drbg/-/hmac-drbg-1.0.0.tgz#3db471f45aae4a994a0688322171f51b8b91bee5"
    dependencies:
      hash.js "^1.0.3"
      minimalistic-assert "^1.0.0"
      minimalistic-crypto-utils "^1.0.1"
  
  hosted-git-info@^2.1.4:
    version "2.5.0"
    resolved "https://registry.yarnpkg.com/hosted-git-info/-/hosted-git-info-2.5.0.tgz#6d60e34b3abbc8313062c3b798ef8d901a07af3c"
  
  https-browserify@^1.0.0:
    version "1.0.0"
    resolved "https://registry.yarnpkg.com/https-browserify/-/https-browserify-1.0.0.tgz#ec06c10e0a34c0f2faf199f7fd7fc78fffd03c73"
  
  iconv-lite@^0.4.17, iconv-lite@~0.4.13:
    version "0.4.19"
    resolved "https://registry.yarnpkg.com/iconv-lite/-/iconv-lite-0.4.19.tgz#f7468f60135f5e5dad3399c0a81be9a1603a082b"
  
  ieee754@^1.1.4:
    version "1.1.8"
    resolved "https://registry.yarnpkg.com/ieee754/-/ieee754-1.1.8.tgz#be33d40ac10ef1926701f6f08a2d86fbfd1ad3e4"
  
  ignore@^3.3.3:
    version "3.3.6"
    resolved "https://registry.yarnpkg.com/ignore/-/ignore-3.3.6.tgz#b6f3196b38ed92f0c86e52f6f79b7fc4c8266c8d"
  
  import-modules@^1.1.0:
    version "1.1.0"
    resolved "https://registry.yarnpkg.com/import-modules/-/import-modules-1.1.0.tgz#748db79c5cc42bb9701efab424f894e72600e9dc"
  
  imurmurhash@^0.1.4:
    version "0.1.4"
    resolved "https://registry.yarnpkg.com/imurmurhash/-/imurmurhash-0.1.4.tgz#9218b9b2b928a238b13dc4fb6b6d576f231453ea"
  
  indexof@0.0.1:
    version "0.0.1"
    resolved "https://registry.yarnpkg.com/indexof/-/indexof-0.0.1.tgz#82dc336d232b9062179d05ab3293a66059fd435d"
  
  inflight@^1.0.4:
    version "1.0.6"
    resolved "https://registry.yarnpkg.com/inflight/-/inflight-1.0.6.tgz#49bd6331d7d02d0c09bc910a1075ba8165b56df9"
    dependencies:
      once "^1.3.0"
      wrappy "1"
  
  inherits@2, inherits@^2.0.1, inherits@^2.0.3, inherits@~2.0.1, inherits@~2.0.3:
    version "2.0.3"
    resolved "https://registry.yarnpkg.com/inherits/-/inherits-2.0.3.tgz#633c2c83e3da42a502f52466022480f4208261de"
  
  inherits@2.0.1:
    version "2.0.1"
    resolved "https://registry.yarnpkg.com/inherits/-/inherits-2.0.1.tgz#b17d08d326b4423e568eff719f91b0b1cbdf69f1"
  
  inquirer@^3.0.6:
    version "3.3.0"
    resolved "https://registry.yarnpkg.com/inquirer/-/inquirer-3.3.0.tgz#9dd2f2ad765dcab1ff0443b491442a20ba227dc9"
    dependencies:
      ansi-escapes "^3.0.0"
      chalk "^2.0.0"
      cli-cursor "^2.1.0"
      cli-width "^2.0.0"
      external-editor "^2.0.4"
      figures "^2.0.0"
      lodash "^4.3.0"
      mute-stream "0.0.7"
      run-async "^2.2.0"
      rx-lite "^4.0.8"
      rx-lite-aggregates "^4.0.8"
      string-width "^2.1.0"
      strip-ansi "^4.0.0"
      through "^2.3.6"
  
  interpret@^1.0.0:
    version "1.0.1"
    resolved "https://registry.yarnpkg.com/interpret/-/interpret-1.0.1.tgz#d579fb7f693b858004947af39fa0db49f795602c"
  
  is-arrayish@^0.2.1:
    version "0.2.1"
    resolved "https://registry.yarnpkg.com/is-arrayish/-/is-arrayish-0.2.1.tgz#77c99840527aa8ecb1a8ba697b80645a7a926a9d"
  
  is-builtin-module@^1.0.0:
    version "1.0.0"
    resolved "https://registry.yarnpkg.com/is-builtin-module/-/is-builtin-module-1.0.0.tgz#540572d34f7ac3119f8f76c30cbc1b1e037affbe"
    dependencies:
      builtin-modules "^1.0.0"
  
  is-callable@^1.1.1, is-callable@^1.1.3:
    version "1.1.3"
    resolved "https://registry.yarnpkg.com/is-callable/-/is-callable-1.1.3.tgz#86eb75392805ddc33af71c92a0eedf74ee7604b2"
  
  is-date-object@^1.0.1:
    version "1.0.1"
    resolved "https://registry.yarnpkg.com/is-date-object/-/is-date-object-1.0.1.tgz#9aa20eb6aeebbff77fbd33e74ca01b33581d3a16"
  
  is-finite@^1.0.1:
    version "1.0.2"
    resolved "https://registry.yarnpkg.com/is-finite/-/is-finite-1.0.2.tgz#cc6677695602be550ef11e8b4aa6305342b6d0aa"
    dependencies:
      number-is-nan "^1.0.0"
  
  is-fullwidth-code-point@^2.0.0:
    version "2.0.0"
    resolved "https://registry.yarnpkg.com/is-fullwidth-code-point/-/is-fullwidth-code-point-2.0.0.tgz#a3b30a5c4f199183167aaab93beefae3ddfb654f"
  
  is-function@~1.0.0:
    version "1.0.1"
    resolved "https://registry.yarnpkg.com/is-function/-/is-function-1.0.1.tgz#12cfb98b65b57dd3d193a3121f5f6e2f437602b5"
  
  is-path-cwd@^1.0.0:
    version "1.0.0"
    resolved "https://registry.yarnpkg.com/is-path-cwd/-/is-path-cwd-1.0.0.tgz#d225ec23132e89edd38fda767472e62e65f1106d"
  
  is-path-in-cwd@^1.0.0:
    version "1.0.0"
    resolved "https://registry.yarnpkg.com/is-path-in-cwd/-/is-path-in-cwd-1.0.0.tgz#6477582b8214d602346094567003be8a9eac04dc"
    dependencies:
      is-path-inside "^1.0.0"
  
  is-path-inside@^1.0.0:
    version "1.0.0"
    resolved "https://registry.yarnpkg.com/is-path-inside/-/is-path-inside-1.0.0.tgz#fc06e5a1683fbda13de667aff717bbc10a48f37f"
    dependencies:
      path-is-inside "^1.0.1"
  
  is-promise@^2.1.0:
    version "2.1.0"
    resolved "https://registry.yarnpkg.com/is-promise/-/is-promise-2.1.0.tgz#79a2a9ece7f096e80f36d2b2f3bc16c1ff4bf3fa"
  
  is-regex@^1.0.3, is-regex@^1.0.4:
    version "1.0.4"
    resolved "https://registry.yarnpkg.com/is-regex/-/is-regex-1.0.4.tgz#5517489b547091b0930e095654ced25ee97e9491"
    dependencies:
      has "^1.0.1"
  
  is-resolvable@^1.0.0:
    version "1.0.0"
    resolved "https://registry.yarnpkg.com/is-resolvable/-/is-resolvable-1.0.0.tgz#8df57c61ea2e3c501408d100fb013cf8d6e0cc62"
    dependencies:
      tryit "^1.0.1"
  
  is-stream@^1.0.1:
    version "1.1.0"
    resolved "https://registry.yarnpkg.com/is-stream/-/is-stream-1.1.0.tgz#12d4a3dd4e68e0b79ceb8dbc84173ae80d91ca44"
  
  is-symbol@^1.0.1:
    version "1.0.1"
    resolved "https://registry.yarnpkg.com/is-symbol/-/is-symbol-1.0.1.tgz#3cc59f00025194b6ab2e38dbae6689256b660572"
  
  isarray@^1.0.0, isarray@~1.0.0:
    version "1.0.0"
    resolved "https://registry.yarnpkg.com/isarray/-/isarray-1.0.0.tgz#bb935d48582cba168c06834957a54a3e07124f11"
  
  isexe@^2.0.0:
    version "2.0.0"
    resolved "https://registry.yarnpkg.com/isexe/-/isexe-2.0.0.tgz#e8fbf374dc556ff8947a10dcb0572d633f2cfa10"
  
  isomorphic-fetch@^2.1.1:
    version "2.2.1"
    resolved "https://registry.yarnpkg.com/isomorphic-fetch/-/isomorphic-fetch-2.2.1.tgz#611ae1acf14f5e81f729507472819fe9733558a9"
    dependencies:
      node-fetch "^1.0.1"
      whatwg-fetch ">=0.10.0"
  
  js-tokens@^3.0.0, js-tokens@^3.0.2:
    version "3.0.2"
    resolved "https://registry.yarnpkg.com/js-tokens/-/js-tokens-3.0.2.tgz#9866df395102130e38f7f996bceb65443209c25b"
  
  js-yaml@^3.9.1:
    version "3.10.0"
    resolved "https://registry.yarnpkg.com/js-yaml/-/js-yaml-3.10.0.tgz#2e78441646bd4682e963f22b6e92823c309c62dc"
    dependencies:
      argparse "^1.0.7"
      esprima "^4.0.0"
  
  jschardet@^1.4.2:
    version "1.5.1"
    resolved "https://registry.yarnpkg.com/jschardet/-/jschardet-1.5.1.tgz#c519f629f86b3a5bedba58a88d311309eec097f9"
  
  jsdoctypeparser@^2.0.0-alpha-8:
    version "2.0.0-alpha-8"
    resolved "https://registry.yarnpkg.com/jsdoctypeparser/-/jsdoctypeparser-2.0.0-alpha-8.tgz#baf137fb8e2a558810adcf19d2d2a2f680e90a5f"
  
  json-schema-traverse@^0.3.0:
    version "0.3.1"
    resolved "https://registry.yarnpkg.com/json-schema-traverse/-/json-schema-traverse-0.3.1.tgz#349a6d44c53a51de89b40805c5d5e59b417d3340"
  
  json-stable-stringify-without-jsonify@^1.0.1:
    version "1.0.1"
    resolved "https://registry.yarnpkg.com/json-stable-stringify-without-jsonify/-/json-stable-stringify-without-jsonify-1.0.1.tgz#9db7b59496ad3f3cfef30a75142d2d930ad72651"
  
  json-stable-stringify@^1.0.1:
    version "1.0.1"
    resolved "https://registry.yarnpkg.com/json-stable-stringify/-/json-stable-stringify-1.0.1.tgz#9a759d39c5f2ff503fd5300646ed445f88c4f9af"
    dependencies:
      jsonify "~0.0.0"
  
  jsonify@~0.0.0:
    version "0.0.0"
    resolved "https://registry.yarnpkg.com/jsonify/-/jsonify-0.0.0.tgz#2c74b6ee41d93ca51b7b5aaee8f503631d252a73"
  
  jsx-ast-utils@^2.0.0, jsx-ast-utils@^2.0.1:
    version "2.0.1"
    resolved "https://registry.yarnpkg.com/jsx-ast-utils/-/jsx-ast-utils-2.0.1.tgz#e801b1b39985e20fffc87b40e3748080e2dcac7f"
    dependencies:
      array-includes "^3.0.3"
  
  levn@^0.3.0, levn@~0.3.0:
    version "0.3.0"
    resolved "https://registry.yarnpkg.com/levn/-/levn-0.3.0.tgz#3b09924edf9f083c0490fdd4c0bc4421e04764ee"
    dependencies:
      prelude-ls "~1.1.2"
      type-check "~0.3.2"
  
  load-json-file@^2.0.0:
    version "2.0.0"
    resolved "https://registry.yarnpkg.com/load-json-file/-/load-json-file-2.0.0.tgz#7947e42149af80d696cbf797bcaabcfe1fe29ca8"
    dependencies:
      graceful-fs "^4.1.2"
      parse-json "^2.2.0"
      pify "^2.0.0"
      strip-bom "^3.0.0"
  
  locate-path@^2.0.0:
    version "2.0.0"
    resolved "https://registry.yarnpkg.com/locate-path/-/locate-path-2.0.0.tgz#2b568b265eec944c6d9c0de9c3dbbbca0354cd8e"
    dependencies:
      p-locate "^2.0.0"
      path-exists "^3.0.0"
  
  lodash.camelcase@^4.1.1:
    version "4.3.0"
    resolved "https://registry.yarnpkg.com/lodash.camelcase/-/lodash.camelcase-4.3.0.tgz#b28aa6288a2b9fc651035c7711f65ab6190331a6"
  
  lodash.get@^4.4.2:
    version "4.4.2"
    resolved "https://registry.yarnpkg.com/lodash.get/-/lodash.get-4.4.2.tgz#2d177f652fa31e939b4438d5341499dfa3825e99"
  
  lodash.kebabcase@^4.0.1:
    version "4.1.1"
    resolved "https://registry.yarnpkg.com/lodash.kebabcase/-/lodash.kebabcase-4.1.1.tgz#8489b1cb0d29ff88195cceca448ff6d6cc295c36"
  
  lodash.snakecase@^4.0.1:
    version "4.1.1"
    resolved "https://registry.yarnpkg.com/lodash.snakecase/-/lodash.snakecase-4.1.1.tgz#39d714a35357147837aefd64b5dcbb16becd8f8d"
  
  lodash.upperfirst@^4.2.0:
    version "4.3.1"
    resolved "https://registry.yarnpkg.com/lodash.upperfirst/-/lodash.upperfirst-4.3.1.tgz#1365edf431480481ef0d1c68957a5ed99d49f7ce"
  
  lodash.zip@^4.2.0:
    version "4.2.0"
    resolved "https://registry.yarnpkg.com/lodash.zip/-/lodash.zip-4.2.0.tgz#ec6662e4896408ed4ab6c542a3990b72cc080020"
  
  lodash@^3.6.0:
    version "3.10.1"
    resolved "https://registry.yarnpkg.com/lodash/-/lodash-3.10.1.tgz#5bf45e8e49ba4189e17d482789dfd15bd140b7b6"
  
  lodash@^4.17.2, lodash@^4.17.4, lodash@^4.3.0:
    version "4.17.4"
    resolved "https://registry.yarnpkg.com/lodash/-/lodash-4.17.4.tgz#78203a4d1c328ae1d86dca6460e369b57f4055ae"
  
  loose-envify@^1.0.0, loose-envify@^1.3.1:
    version "1.3.1"
    resolved "https://registry.yarnpkg.com/loose-envify/-/loose-envify-1.3.1.tgz#d1a8ad33fa9ce0e713d65fdd0ac8b748d478c848"
    dependencies:
      js-tokens "^3.0.0"
  
  lru-cache@^4.0.1:
    version "4.1.1"
    resolved "https://registry.yarnpkg.com/lru-cache/-/lru-cache-4.1.1.tgz#622e32e82488b49279114a4f9ecf45e7cd6bba55"
    dependencies:
      pseudomap "^1.0.2"
      yallist "^2.1.2"
  
  mdn-browser-compat-data@^0.0.20:
    version "0.0.20"
    resolved "https://registry.yarnpkg.com/mdn-browser-compat-data/-/mdn-browser-compat-data-0.0.20.tgz#26e4a226d96cc5318fdc504d6dfd86907752da5c"
    dependencies:
      extend "3.0.1"
  
  memory-fs@^0.2.0:
    version "0.2.0"
    resolved "https://registry.yarnpkg.com/memory-fs/-/memory-fs-0.2.0.tgz#f2bb25368bc121e391c2520de92969caee0a0290"
  
  miller-rabin@^4.0.0:
    version "4.0.0"
    resolved "https://registry.yarnpkg.com/miller-rabin/-/miller-rabin-4.0.0.tgz#4a62fb1d42933c05583982f4c716f6fb9e6c6d3d"
    dependencies:
      bn.js "^4.0.0"
      brorand "^1.0.1"
  
  mimic-fn@^1.0.0:
    version "1.1.0"
    resolved "https://registry.yarnpkg.com/mimic-fn/-/mimic-fn-1.1.0.tgz#e667783d92e89dbd342818b5230b9d62a672ad18"
  
  minimalistic-assert@^1.0.0:
    version "1.0.0"
    resolved "https://registry.yarnpkg.com/minimalistic-assert/-/minimalistic-assert-1.0.0.tgz#702be2dda6b37f4836bcb3f5db56641b64a1d3d3"
  
  minimalistic-crypto-utils@^1.0.0, minimalistic-crypto-utils@^1.0.1:
    version "1.0.1"
    resolved "https://registry.yarnpkg.com/minimalistic-crypto-utils/-/minimalistic-crypto-utils-1.0.1.tgz#f6c00c1c0b082246e5c4d99dfb8c7c083b2b582a"
  
  minimatch@^3.0.2, minimatch@^3.0.3, minimatch@^3.0.4:
    version "3.0.4"
    resolved "https://registry.yarnpkg.com/minimatch/-/minimatch-3.0.4.tgz#5166e286457f03306064be5497e8dbb0c3d32083"
    dependencies:
      brace-expansion "^1.1.7"
  
  minimist@0.0.8:
    version "0.0.8"
    resolved "https://registry.yarnpkg.com/minimist/-/minimist-0.0.8.tgz#857fcabfc3397d2625b8228262e86aa7a011b05d"
  
  minimist@1.1.x:
    version "1.1.3"
    resolved "https://registry.yarnpkg.com/minimist/-/minimist-1.1.3.tgz#3bedfd91a92d39016fcfaa1c681e8faa1a1efda8"
  
  minimist@~1.2.0:
    version "1.2.0"
    resolved "https://registry.yarnpkg.com/minimist/-/minimist-1.2.0.tgz#a35008b20f41383eec1fb914f4cd5df79a264284"
  
  mkdirp@^0.5.1:
    version "0.5.1"
    resolved "https://registry.yarnpkg.com/mkdirp/-/mkdirp-0.5.1.tgz#30057438eac6cf7f8c4767f38648d6697d75c903"
    dependencies:
      minimist "0.0.8"
  
  ms@2.0.0:
    version "2.0.0"
    resolved "https://registry.yarnpkg.com/ms/-/ms-2.0.0.tgz#5608aeadfc00be6c2901df5f9861788de0d597c8"
  
  mute-stream@0.0.7:
    version "0.0.7"
    resolved "https://registry.yarnpkg.com/mute-stream/-/mute-stream-0.0.7.tgz#3075ce93bc21b8fab43e1bc4da7e8115ed1e7bab"
  
  natural-compare@^1.4.0:
    version "1.4.0"
    resolved "https://registry.yarnpkg.com/natural-compare/-/natural-compare-1.4.0.tgz#4abebfeed7541f2c27acfb29bdbbd15c8d5ba4f7"
  
  node-fetch@^1.0.1:
    version "1.7.3"
    resolved "https://registry.yarnpkg.com/node-fetch/-/node-fetch-1.7.3.tgz#980f6f72d85211a5347c6b2bc18c5b84c3eb47ef"
    dependencies:
      encoding "^0.1.11"
      is-stream "^1.0.1"
  
  "node-libs-browser@^1.0.0 || ^2.0.0":
    version "2.1.0"
    resolved "https://registry.yarnpkg.com/node-libs-browser/-/node-libs-browser-2.1.0.tgz#5f94263d404f6e44767d726901fff05478d600df"
    dependencies:
      assert "^1.1.1"
      browserify-zlib "^0.2.0"
      buffer "^4.3.0"
      console-browserify "^1.1.0"
      constants-browserify "^1.0.0"
      crypto-browserify "^3.11.0"
      domain-browser "^1.1.1"
      events "^1.0.0"
      https-browserify "^1.0.0"
      os-browserify "^0.3.0"
      path-browserify "0.0.0"
      process "^0.11.10"
      punycode "^1.2.4"
      querystring-es3 "^0.2.0"
      readable-stream "^2.3.3"
      stream-browserify "^2.0.1"
      stream-http "^2.7.2"
      string_decoder "^1.0.0"
      timers-browserify "^2.0.4"
      tty-browserify "0.0.0"
      url "^0.11.0"
      util "^0.10.3"
      vm-browserify "0.0.4"
  
  normalize-package-data@^2.3.2:
    version "2.4.0"
    resolved "https://registry.yarnpkg.com/normalize-package-data/-/normalize-package-data-2.4.0.tgz#12f95a307d58352075a04907b84ac8be98ac012f"
    dependencies:
      hosted-git-info "^2.1.4"
      is-builtin-module "^1.0.0"
      semver "2 || 3 || 4 || 5"
      validate-npm-package-license "^3.0.1"
  
  number-is-nan@^1.0.0:
    version "1.0.1"
    resolved "https://registry.yarnpkg.com/number-is-nan/-/number-is-nan-1.0.1.tgz#097b602b53422a522c1afb8790318336941a011d"
  
  object-assign@^4.0.1, object-assign@^4.1.0, object-assign@^4.1.1:
    version "4.1.1"
    resolved "https://registry.yarnpkg.com/object-assign/-/object-assign-4.1.1.tgz#2109adc7965887cfc05cbbd442cac8bfbb360863"
  
  object-inspect@~1.5.0:
    version "1.5.0"
    resolved "https://registry.yarnpkg.com/object-inspect/-/object-inspect-1.5.0.tgz#9d876c11e40f485c79215670281b767488f9bfe3"
  
  object-keys@^1.0.8:
    version "1.0.11"
    resolved "https://registry.yarnpkg.com/object-keys/-/object-keys-1.0.11.tgz#c54601778ad560f1142ce0e01bcca8b56d13426d"
  
  once@^1.3.0:
    version "1.4.0"
    resolved "https://registry.yarnpkg.com/once/-/once-1.4.0.tgz#583b1aa775961d4b113ac17d9c50baef9dd76bd1"
    dependencies:
      wrappy "1"
  
  onetime@^2.0.0:
    version "2.0.1"
    resolved "https://registry.yarnpkg.com/onetime/-/onetime-2.0.1.tgz#067428230fd67443b2794b22bba528b6867962d4"
    dependencies:
      mimic-fn "^1.0.0"
  
  optionator@^0.8.2:
    version "0.8.2"
    resolved "https://registry.yarnpkg.com/optionator/-/optionator-0.8.2.tgz#364c5e409d3f4d6301d6c0b4c05bba50180aeb64"
    dependencies:
      deep-is "~0.1.3"
      fast-levenshtein "~2.0.4"
      levn "~0.3.0"
      prelude-ls "~1.1.2"
      type-check "~0.3.2"
      wordwrap "~1.0.0"
  
  os-browserify@^0.3.0:
    version "0.3.0"
    resolved "https://registry.yarnpkg.com/os-browserify/-/os-browserify-0.3.0.tgz#854373c7f5c2315914fc9bfc6bd8238fdda1ec27"
  
  os-tmpdir@~1.0.2:
    version "1.0.2"
    resolved "https://registry.yarnpkg.com/os-tmpdir/-/os-tmpdir-1.0.2.tgz#bbe67406c79aa85c5cfec766fe5734555dfa1274"
  
  p-limit@^1.1.0:
    version "1.1.0"
    resolved "https://registry.yarnpkg.com/p-limit/-/p-limit-1.1.0.tgz#b07ff2d9a5d88bec806035895a2bab66a27988bc"
  
  p-locate@^2.0.0:
    version "2.0.0"
    resolved "https://registry.yarnpkg.com/p-locate/-/p-locate-2.0.0.tgz#20a0103b222a70c8fd39cc2e580680f3dde5ec43"
    dependencies:
      p-limit "^1.1.0"
  
  pako@~1.0.5:
    version "1.0.6"
    resolved "https://registry.yarnpkg.com/pako/-/pako-1.0.6.tgz#0101211baa70c4bca4a0f63f2206e97b7dfaf258"
  
  parse-asn1@^5.0.0:
    version "5.0.0"
    resolved "https://registry.yarnpkg.com/parse-asn1/-/parse-asn1-5.0.0.tgz#35060f6d5015d37628c770f4e091a0b5a278bc23"
    dependencies:
      asn1.js "^4.0.0"
      browserify-aes "^1.0.0"
      create-hash "^1.1.0"
      evp_bytestokey "^1.0.0"
      pbkdf2 "^3.0.3"
  
  parse-json@^2.2.0:
    version "2.2.0"
    resolved "https://registry.yarnpkg.com/parse-json/-/parse-json-2.2.0.tgz#f480f40434ef80741f8469099f8dea18f55a4dc9"
    dependencies:
      error-ex "^1.2.0"
  
  parse-ms@^1.0.0:
    version "1.0.1"
    resolved "https://registry.yarnpkg.com/parse-ms/-/parse-ms-1.0.1.tgz#56346d4749d78f23430ca0c713850aef91aa361d"
  
  path-browserify@0.0.0:
    version "0.0.0"
    resolved "https://registry.yarnpkg.com/path-browserify/-/path-browserify-0.0.0.tgz#a0b870729aae214005b7d5032ec2cbbb0fb4451a"
  
  path-exists@^2.0.0:
    version "2.1.0"
    resolved "https://registry.yarnpkg.com/path-exists/-/path-exists-2.1.0.tgz#0feb6c64f0fc518d9a754dd5efb62c7022761f4b"
    dependencies:
      pinkie-promise "^2.0.0"
  
  path-exists@^3.0.0:
    version "3.0.0"
    resolved "https://registry.yarnpkg.com/path-exists/-/path-exists-3.0.0.tgz#ce0ebeaa5f78cb18925ea7d810d7b59b010fd515"
  
  path-is-absolute@^1.0.0:
    version "1.0.1"
    resolved "https://registry.yarnpkg.com/path-is-absolute/-/path-is-absolute-1.0.1.tgz#174b9268735534ffbc7ace6bf53a5a9e1b5c5f5f"
  
  path-is-inside@^1.0.1, path-is-inside@^1.0.2:
    version "1.0.2"
    resolved "https://registry.yarnpkg.com/path-is-inside/-/path-is-inside-1.0.2.tgz#365417dede44430d1c11af61027facf074bdfc53"
  
  path-parse@^1.0.5:
    version "1.0.5"
    resolved "https://registry.yarnpkg.com/path-parse/-/path-parse-1.0.5.tgz#3c1adf871ea9cd6c9431b6ea2bd74a0ff055c4c1"
  
  path-type@^2.0.0:
    version "2.0.0"
    resolved "https://registry.yarnpkg.com/path-type/-/path-type-2.0.0.tgz#f012ccb8415b7096fc2daa1054c3d72389594c73"
    dependencies:
      pify "^2.0.0"
  
  pbkdf2@^3.0.3:
    version "3.0.9"
    resolved "https://registry.yarnpkg.com/pbkdf2/-/pbkdf2-3.0.9.tgz#f2c4b25a600058b3c3773c086c37dbbee1ffe693"
    dependencies:
      create-hmac "^1.1.2"
  
  pify@^2.0.0:
    version "2.3.0"
    resolved "https://registry.yarnpkg.com/pify/-/pify-2.3.0.tgz#ed141a6ac043a849ea588498e7dca8b15330e90c"
  
  pinkie-promise@^2.0.0:
    version "2.0.1"
    resolved "https://registry.yarnpkg.com/pinkie-promise/-/pinkie-promise-2.0.1.tgz#2135d6dfa7a358c069ac9b178776288228450ffa"
    dependencies:
      pinkie "^2.0.0"
  
  pinkie@^2.0.0:
    version "2.0.4"
    resolved "https://registry.yarnpkg.com/pinkie/-/pinkie-2.0.4.tgz#72556b80cfa0d48a974e80e77248e80ed4f7f870"
  
  pkg-dir@^1.0.0:
    version "1.0.0"
    resolved "https://registry.yarnpkg.com/pkg-dir/-/pkg-dir-1.0.0.tgz#7a4b508a8d5bb2d629d447056ff4e9c9314cf3d4"
    dependencies:
      find-up "^1.0.0"
  
  plur@^1.0.0:
    version "1.0.0"
    resolved "https://registry.yarnpkg.com/plur/-/plur-1.0.0.tgz#db85c6814f5e5e5a3b49efc28d604fec62975156"
  
  pluralize@^7.0.0:
    version "7.0.0"
    resolved "https://registry.yarnpkg.com/pluralize/-/pluralize-7.0.0.tgz#298b89df8b93b0221dbf421ad2b1b1ea23fc6777"
  
  prelude-ls@~1.1.2:
    version "1.1.2"
    resolved "https://registry.yarnpkg.com/prelude-ls/-/prelude-ls-1.1.2.tgz#21932a549f5e52ffd9a827f570e04be62a97da54"
  
  pretty-ms@^2.1.0:
    version "2.1.0"
    resolved "https://registry.yarnpkg.com/pretty-ms/-/pretty-ms-2.1.0.tgz#4257c256df3fb0b451d6affaab021884126981dc"
    dependencies:
      is-finite "^1.0.1"
      parse-ms "^1.0.0"
      plur "^1.0.0"
  
  process-nextick-args@~1.0.6:
    version "1.0.7"
    resolved "https://registry.yarnpkg.com/process-nextick-args/-/process-nextick-args-1.0.7.tgz#150e20b756590ad3f91093f25a4f2ad8bff30ba3"
  
  process-nextick-args@~2.0.0:
    version "2.0.0"
    resolved "https://registry.yarnpkg.com/process-nextick-args/-/process-nextick-args-2.0.0.tgz#a37d732f4271b4ab1ad070d35508e8290788ffaa"
  
  process@^0.11.10:
    version "0.11.10"
    resolved "https://registry.yarnpkg.com/process/-/process-0.11.10.tgz#7332300e840161bda3e69a1d1d91a7d4bc16f182"
  
  progress@^2.0.0:
    version "2.0.0"
    resolved "https://registry.yarnpkg.com/progress/-/progress-2.0.0.tgz#8a1be366bf8fc23db2bd23f10c6fe920b4389d1f"
  
  promise@^7.1.1:
    version "7.3.1"
    resolved "https://registry.yarnpkg.com/promise/-/promise-7.3.1.tgz#064b72602b18f90f29192b8b1bc418ffd1ebd3bf"
    dependencies:
      asap "~2.0.3"
  
  prop-types@^15.6.0:
    version "15.6.1"
    resolved "https://registry.yarnpkg.com/prop-types/-/prop-types-15.6.1.tgz#36644453564255ddda391191fb3a125cbdf654ca"
    dependencies:
      fbjs "^0.8.16"
      loose-envify "^1.3.1"
      object-assign "^4.1.1"
  
  pseudomap@^1.0.2:
    version "1.0.2"
    resolved "https://registry.yarnpkg.com/pseudomap/-/pseudomap-1.0.2.tgz#f052a28da70e618917ef0a8ac34c1ae5a68286b3"
  
  public-encrypt@^4.0.0:
    version "4.0.0"
    resolved "https://registry.yarnpkg.com/public-encrypt/-/public-encrypt-4.0.0.tgz#39f699f3a46560dd5ebacbca693caf7c65c18cc6"
    dependencies:
      bn.js "^4.1.0"
      browserify-rsa "^4.0.0"
      create-hash "^1.1.0"
      parse-asn1 "^5.0.0"
      randombytes "^2.0.1"
  
  punycode@1.3.2:
    version "1.3.2"
    resolved "https://registry.yarnpkg.com/punycode/-/punycode-1.3.2.tgz#9653a036fb7c1ee42342f2325cceefea3926c48d"
  
  punycode@^1.2.4:
    version "1.4.1"
    resolved "https://registry.yarnpkg.com/punycode/-/punycode-1.4.1.tgz#c0d5a63b2718800ad8e1eb0fa5269c84dd41845e"
  
  querystring-es3@^0.2.0:
    version "0.2.1"
    resolved "https://registry.yarnpkg.com/querystring-es3/-/querystring-es3-0.2.1.tgz#9ec61f79049875707d69414596fd907a4d711e73"
  
  querystring@0.2.0:
    version "0.2.0"
    resolved "https://registry.yarnpkg.com/querystring/-/querystring-0.2.0.tgz#b209849203bb25df820da756e747005878521620"
  
  randombytes@^2.0.0, randombytes@^2.0.1:
    version "2.0.3"
    resolved "https://registry.yarnpkg.com/randombytes/-/randombytes-2.0.3.tgz#674c99760901c3c4112771a31e521dc349cc09ec"
  
  re-emitter@^1.0.0:
    version "1.1.3"
    resolved "https://registry.yarnpkg.com/re-emitter/-/re-emitter-1.1.3.tgz#fa9e319ffdeeeb35b27296ef0f3d374dac2f52a7"
  
  read-pkg-up@^2.0.0:
    version "2.0.0"
    resolved "https://registry.yarnpkg.com/read-pkg-up/-/read-pkg-up-2.0.0.tgz#6b72a8048984e0c41e79510fd5e9fa99b3b549be"
    dependencies:
      find-up "^2.0.0"
      read-pkg "^2.0.0"
  
  read-pkg@^2.0.0:
    version "2.0.0"
    resolved "https://registry.yarnpkg.com/read-pkg/-/read-pkg-2.0.0.tgz#8ef1c0623c6a6db0dc6713c4bfac46332b2368f8"
    dependencies:
      load-json-file "^2.0.0"
      normalize-package-data "^2.3.2"
      path-type "^2.0.0"
  
  readable-stream@^2.0.0, readable-stream@^2.0.2, readable-stream@^2.1.5:
    version "2.2.2"
    resolved "https://registry.yarnpkg.com/readable-stream/-/readable-stream-2.2.2.tgz#a9e6fec3c7dda85f8bb1b3ba7028604556fc825e"
    dependencies:
      buffer-shims "^1.0.0"
      core-util-is "~1.0.0"
      inherits "~2.0.1"
      isarray "~1.0.0"
      process-nextick-args "~1.0.6"
      string_decoder "~0.10.x"
      util-deprecate "~1.0.1"
  
  readable-stream@^2.0.4, readable-stream@^2.2.2:
    version "2.3.3"
    resolved "https://registry.yarnpkg.com/readable-stream/-/readable-stream-2.3.3.tgz#368f2512d79f9d46fdfc71349ae7878bbc1eb95c"
    dependencies:
      core-util-is "~1.0.0"
      inherits "~2.0.3"
      isarray "~1.0.0"
      process-nextick-args "~1.0.6"
      safe-buffer "~5.1.1"
      string_decoder "~1.0.3"
      util-deprecate "~1.0.1"
  
  readable-stream@^2.3.3, readable-stream@^2.3.6:
    version "2.3.6"
    resolved "https://registry.yarnpkg.com/readable-stream/-/readable-stream-2.3.6.tgz#b11c27d88b8ff1fbe070643cf94b0c79ae1b0aaf"
    dependencies:
      core-util-is "~1.0.0"
      inherits "~2.0.3"
      isarray "~1.0.0"
      process-nextick-args "~2.0.0"
      safe-buffer "~5.1.1"
      string_decoder "~1.1.1"
      util-deprecate "~1.0.1"
  
  regenerator-runtime@^0.11.0:
    version "0.11.1"
    resolved "https://registry.yarnpkg.com/regenerator-runtime/-/regenerator-runtime-0.11.1.tgz#be05ad7f9bf7d22e056f9726cee5017fbf19e2e9"
  
  regexpp@^1.0.1:
    version "1.1.0"
    resolved "https://registry.yarnpkg.com/regexpp/-/regexpp-1.1.0.tgz#0e3516dd0b7904f413d2d4193dce4618c3a689ab"
  
  repeat-string@^1.5.2:
    version "1.6.1"
    resolved "https://registry.yarnpkg.com/repeat-string/-/repeat-string-1.6.1.tgz#8dcae470e1c88abc2d600fff4a776286da75e637"
  
  require-uncached@^1.0.3:
    version "1.0.3"
    resolved "https://registry.yarnpkg.com/require-uncached/-/require-uncached-1.0.3.tgz#4e0d56d6c9662fd31e43011c4b95aa49955421d3"
    dependencies:
      caller-path "^0.1.0"
      resolve-from "^1.0.0"
  
  requireindex@^1.1.0:
    version "1.1.0"
    resolved "https://registry.yarnpkg.com/requireindex/-/requireindex-1.1.0.tgz#e5404b81557ef75db6e49c5a72004893fe03e162"
  
  resolve-from@^1.0.0:
    version "1.0.1"
    resolved "https://registry.yarnpkg.com/resolve-from/-/resolve-from-1.0.1.tgz#26cbfe935d1aeeeabb29bc3fe5aeb01e93d44226"
  
  resolve@^1.2.0:
    version "1.4.0"
    resolved "https://registry.yarnpkg.com/resolve/-/resolve-1.4.0.tgz#a75be01c53da25d934a98ebd0e4c4a7312f92a86"
    dependencies:
      path-parse "^1.0.5"
  
  resolve@^1.4.0, resolve@^1.6.0:
    version "1.7.1"
    resolved "https://registry.yarnpkg.com/resolve/-/resolve-1.7.1.tgz#aadd656374fd298aee895bc026b8297418677fd3"
    dependencies:
      path-parse "^1.0.5"
  
  resolve@~1.5.0:
    version "1.5.0"
    resolved "https://registry.yarnpkg.com/resolve/-/resolve-1.5.0.tgz#1f09acce796c9a762579f31b2c1cc4c3cddf9f36"
    dependencies:
      path-parse "^1.0.5"
  
  restore-cursor@^2.0.0:
    version "2.0.0"
    resolved "https://registry.yarnpkg.com/restore-cursor/-/restore-cursor-2.0.0.tgz#9f7ee287f82fd326d4fd162923d62129eee0dfaf"
    dependencies:
      onetime "^2.0.0"
      signal-exit "^3.0.2"
  
  resumer@~0.0.0:
    version "0.0.0"
    resolved "https://registry.yarnpkg.com/resumer/-/resumer-0.0.0.tgz#f1e8f461e4064ba39e82af3cdc2a8c893d076759"
    dependencies:
      through "~2.3.4"
  
  ret@~0.1.10:
    version "0.1.15"
    resolved "https://registry.yarnpkg.com/ret/-/ret-0.1.15.tgz#b8a4825d5bdb1fc3f6f53c2bc33f81388681c7bc"
  
  rimraf@^2.2.8:
    version "2.6.2"
    resolved "https://registry.yarnpkg.com/rimraf/-/rimraf-2.6.2.tgz#2ed8150d24a16ea8651e6d6ef0f47c4158ce7a36"
    dependencies:
      glob "^7.0.5"
  
  ripemd160@^1.0.0:
    version "1.0.1"
    resolved "https://registry.yarnpkg.com/ripemd160/-/ripemd160-1.0.1.tgz#93a4bbd4942bc574b69a8fa57c71de10ecca7d6e"
  
  run-async@^2.2.0:
    version "2.3.0"
    resolved "https://registry.yarnpkg.com/run-async/-/run-async-2.3.0.tgz#0371ab4ae0bdd720d4166d7dfda64ff7a445a6c0"
    dependencies:
      is-promise "^2.1.0"
  
  rx-lite-aggregates@^4.0.8:
    version "4.0.8"
    resolved "https://registry.yarnpkg.com/rx-lite-aggregates/-/rx-lite-aggregates-4.0.8.tgz#753b87a89a11c95467c4ac1626c4efc4e05c67be"
    dependencies:
      rx-lite "*"
  
  rx-lite@*, rx-lite@^4.0.8:
    version "4.0.8"
    resolved "https://registry.yarnpkg.com/rx-lite/-/rx-lite-4.0.8.tgz#0b1e11af8bc44836f04a6407e92da42467b79444"
  
  safe-buffer@~5.1.0, safe-buffer@~5.1.1:
    version "5.1.1"
    resolved "https://registry.yarnpkg.com/safe-buffer/-/safe-buffer-5.1.1.tgz#893312af69b2123def71f57889001671eeb2c853"
  
  safe-regex@^1.1.0:
    version "1.1.0"
    resolved "https://registry.yarnpkg.com/safe-regex/-/safe-regex-1.1.0.tgz#40a3669f3b077d1e943d44629e157dd48023bf2e"
    dependencies:
      ret "~0.1.10"
  
  "semver@2 || 3 || 4 || 5", semver@^5.3.0:
    version "5.4.1"
    resolved "https://registry.yarnpkg.com/semver/-/semver-5.4.1.tgz#e059c09d8571f0540823733433505d3a2f00b18e"
  
  setimmediate@^1.0.4, setimmediate@^1.0.5:
    version "1.0.5"
    resolved "https://registry.yarnpkg.com/setimmediate/-/setimmediate-1.0.5.tgz#290cbb232e306942d7d7ea9b83732ab7856f8285"
  
  sha.js@^2.3.6:
    version "2.4.8"
    resolved "https://registry.yarnpkg.com/sha.js/-/sha.js-2.4.8.tgz#37068c2c476b6baf402d14a49c67f597921f634f"
    dependencies:
      inherits "^2.0.1"
  
  shebang-command@^1.2.0:
    version "1.2.0"
    resolved "https://registry.yarnpkg.com/shebang-command/-/shebang-command-1.2.0.tgz#44aac65b695b03398968c39f363fee5deafdf1ea"
    dependencies:
      shebang-regex "^1.0.0"
  
  shebang-regex@^1.0.0:
    version "1.0.0"
    resolved "https://registry.yarnpkg.com/shebang-regex/-/shebang-regex-1.0.0.tgz#da42f49740c0b42db2ca9728571cb190c98efea3"
  
  signal-exit@^3.0.2:
    version "3.0.2"
    resolved "https://registry.yarnpkg.com/signal-exit/-/signal-exit-3.0.2.tgz#b5fdc08f1287ea1178628e415e25132b73646c6d"
  
  slice-ansi@1.0.0:
    version "1.0.0"
    resolved "https://registry.yarnpkg.com/slice-ansi/-/slice-ansi-1.0.0.tgz#044f1a49d8842ff307aad6b505ed178bd950134d"
    dependencies:
      is-fullwidth-code-point "^2.0.0"
  
  spdx-correct@~1.0.0:
    version "1.0.2"
    resolved "https://registry.yarnpkg.com/spdx-correct/-/spdx-correct-1.0.2.tgz#4b3073d933ff51f3912f03ac5519498a4150db40"
    dependencies:
      spdx-license-ids "^1.0.2"
  
  spdx-expression-parse@~1.0.0:
    version "1.0.4"
    resolved "https://registry.yarnpkg.com/spdx-expression-parse/-/spdx-expression-parse-1.0.4.tgz#9bdf2f20e1f40ed447fbe273266191fced51626c"
  
  spdx-license-ids@^1.0.2:
    version "1.2.2"
    resolved "https://registry.yarnpkg.com/spdx-license-ids/-/spdx-license-ids-1.2.2.tgz#c9df7a3424594ade6bd11900d596696dc06bac57"
  
  split@^1.0.0:
    version "1.0.0"
    resolved "https://registry.yarnpkg.com/split/-/split-1.0.0.tgz#c4395ce683abcd254bc28fe1dabb6e5c27dcffae"
    dependencies:
      through "2"
  
  sprintf-js@~1.0.2:
    version "1.0.3"
    resolved "https://registry.yarnpkg.com/sprintf-js/-/sprintf-js-1.0.3.tgz#04e6926f662895354f3dd015203633b857297e2c"
  
  stream-browserify@^2.0.1:
    version "2.0.1"
    resolved "https://registry.yarnpkg.com/stream-browserify/-/stream-browserify-2.0.1.tgz#66266ee5f9bdb9940a4e4514cafb43bb71e5c9db"
    dependencies:
      inherits "~2.0.1"
      readable-stream "^2.0.2"
  
  stream-http@^2.7.2:
    version "2.8.2"
    resolved "https://registry.yarnpkg.com/stream-http/-/stream-http-2.8.2.tgz#4126e8c6b107004465918aa2fc35549e77402c87"
    dependencies:
      builtin-status-codes "^3.0.0"
      inherits "^2.0.1"
      readable-stream "^2.3.6"
      to-arraybuffer "^1.0.0"
      xtend "^4.0.0"
  
  string-width@^2.1.0, string-width@^2.1.1:
    version "2.1.1"
    resolved "https://registry.yarnpkg.com/string-width/-/string-width-2.1.1.tgz#ab93f27a8dc13d28cac815c462143a6d9012ae9e"
    dependencies:
      is-fullwidth-code-point "^2.0.0"
      strip-ansi "^4.0.0"
  
  string.prototype.trim@~1.1.2:
    version "1.1.2"
    resolved "https://registry.yarnpkg.com/string.prototype.trim/-/string.prototype.trim-1.1.2.tgz#d04de2c89e137f4d7d206f086b5ed2fae6be8cea"
    dependencies:
      define-properties "^1.1.2"
      es-abstract "^1.5.0"
      function-bind "^1.0.2"
  
  string_decoder@^1.0.0, string_decoder@~1.1.1:
    version "1.1.1"
    resolved "https://registry.yarnpkg.com/string_decoder/-/string_decoder-1.1.1.tgz#9cf1611ba62685d7030ae9e4ba34149c3af03fc8"
    dependencies:
      safe-buffer "~5.1.0"
  
  string_decoder@~0.10.x:
    version "0.10.31"
    resolved "https://registry.yarnpkg.com/string_decoder/-/string_decoder-0.10.31.tgz#62e203bc41766c6c28c9fc84301dab1c5310fa94"
  
  string_decoder@~1.0.3:
    version "1.0.3"
    resolved "https://registry.yarnpkg.com/string_decoder/-/string_decoder-1.0.3.tgz#0fc67d7c141825de94282dd536bec6b9bce860ab"
    dependencies:
      safe-buffer "~5.1.0"
  
  strip-ansi@^3.0.0:
    version "3.0.1"
    resolved "https://registry.yarnpkg.com/strip-ansi/-/strip-ansi-3.0.1.tgz#6a385fb8853d952d5ff05d0e8aaf94278dc63dcf"
    dependencies:
      ansi-regex "^2.0.0"
  
  strip-ansi@^4.0.0:
    version "4.0.0"
    resolved "https://registry.yarnpkg.com/strip-ansi/-/strip-ansi-4.0.0.tgz#a8479022eb1ac368a871389b635262c505ee368f"
    dependencies:
      ansi-regex "^3.0.0"
  
  strip-bom@^3.0.0:
    version "3.0.0"
    resolved "https://registry.yarnpkg.com/strip-bom/-/strip-bom-3.0.0.tgz#2334c18e9c759f7bdd56fdef7e9ae3d588e68ed3"
  
  strip-json-comments@~2.0.1:
    version "2.0.1"
    resolved "https://registry.yarnpkg.com/strip-json-comments/-/strip-json-comments-2.0.1.tgz#3c531942e908c2697c0ec344858c286c7ca0a60a"
  
  supports-color@^2.0.0:
    version "2.0.0"
    resolved "https://registry.yarnpkg.com/supports-color/-/supports-color-2.0.0.tgz#535d045ce6b6363fa40117084629995e9df324c7"
  
  supports-color@^4.0.0:
    version "4.5.0"
    resolved "https://registry.yarnpkg.com/supports-color/-/supports-color-4.5.0.tgz#be7a0de484dec5c5cddf8b3d59125044912f635b"
    dependencies:
      has-flag "^2.0.0"
  
  table@4.0.2:
    version "4.0.2"
    resolved "https://registry.yarnpkg.com/table/-/table-4.0.2.tgz#a33447375391e766ad34d3486e6e2aedc84d2e36"
    dependencies:
      ajv "^5.2.3"
      ajv-keywords "^2.1.0"
      chalk "^2.1.0"
      lodash "^4.17.4"
      slice-ansi "1.0.0"
      string-width "^2.1.1"
  
  tap-out@^1.4.1:
    version "1.4.2"
    resolved "https://registry.yarnpkg.com/tap-out/-/tap-out-1.4.2.tgz#c907ec1bf9405111d088263e92f5608b88cbb37a"
    dependencies:
      re-emitter "^1.0.0"
      readable-stream "^2.0.0"
      split "^1.0.0"
      trim "0.0.1"
  
  tap-spec@^4.1.1:
    version "4.1.1"
    resolved "https://registry.yarnpkg.com/tap-spec/-/tap-spec-4.1.1.tgz#e2e9f26f5208232b1f562288c97624d58a88f05a"
    dependencies:
      chalk "^1.0.0"
      duplexer "^0.1.1"
      figures "^1.4.0"
      lodash "^3.6.0"
      pretty-ms "^2.1.0"
      repeat-string "^1.5.2"
      tap-out "^1.4.1"
      through2 "^2.0.0"
  
  tapable@^0.1.8:
    version "0.1.10"
    resolved "https://registry.yarnpkg.com/tapable/-/tapable-0.1.10.tgz#29c35707c2b70e50d07482b5d202e8ed446dafd4"
  
  tape@^4.9.0:
    version "4.9.0"
    resolved "https://registry.yarnpkg.com/tape/-/tape-4.9.0.tgz#855c08360395133709d34d3fbf9ef341eb73ca6a"
    dependencies:
      deep-equal "~1.0.1"
      defined "~1.0.0"
      for-each "~0.3.2"
      function-bind "~1.1.1"
      glob "~7.1.2"
      has "~1.0.1"
      inherits "~2.0.3"
      minimist "~1.2.0"
      object-inspect "~1.5.0"
      resolve "~1.5.0"
      resumer "~0.0.0"
      string.prototype.trim "~1.1.2"
      through "~2.3.8"
  
  text-table@~0.2.0:
    version "0.2.0"
    resolved "https://registry.yarnpkg.com/text-table/-/text-table-0.2.0.tgz#7f5ee823ae805207c00af2df4a84ec3fcfa570b4"
  
  through2@^2.0.0:
    version "2.0.3"
    resolved "https://registry.yarnpkg.com/through2/-/through2-2.0.3.tgz#0004569b37c7c74ba39c43f3ced78d1ad94140be"
    dependencies:
      readable-stream "^2.1.5"
      xtend "~4.0.1"
  
  through@2, through@^2.3.6, through@~2.3.4, through@~2.3.8:
    version "2.3.8"
    resolved "https://registry.yarnpkg.com/through/-/through-2.3.8.tgz#0dd4c9ffaabc357960b1b724115d7e0e86a2e1f5"
  
  timers-browserify@^2.0.4:
    version "2.0.10"
    resolved "https://registry.yarnpkg.com/timers-browserify/-/timers-browserify-2.0.10.tgz#1d28e3d2aadf1d5a5996c4e9f95601cd053480ae"
    dependencies:
      setimmediate "^1.0.4"
  
  tmp@^0.0.33:
    version "0.0.33"
    resolved "https://registry.yarnpkg.com/tmp/-/tmp-0.0.33.tgz#6d34335889768d21b2bcda0aa277ced3b1bfadf9"
    dependencies:
      os-tmpdir "~1.0.2"
  
  to-arraybuffer@^1.0.0:
    version "1.0.1"
    resolved "https://registry.yarnpkg.com/to-arraybuffer/-/to-arraybuffer-1.0.1.tgz#7d229b1fcc637e466ca081180836a7aabff83f43"
  
  trim@0.0.1:
    version "0.0.1"
    resolved "https://registry.yarnpkg.com/trim/-/trim-0.0.1.tgz#5858547f6b290757ee95cccc666fb50084c460dd"
  
  tryit@^1.0.1:
    version "1.0.3"
    resolved "https://registry.yarnpkg.com/tryit/-/tryit-1.0.3.tgz#393be730a9446fd1ead6da59a014308f36c289cb"
  
  tty-browserify@0.0.0:
    version "0.0.0"
    resolved "https://registry.yarnpkg.com/tty-browserify/-/tty-browserify-0.0.0.tgz#a157ba402da24e9bf957f9aa69d524eed42901a6"
  
  type-check@~0.3.2:
    version "0.3.2"
    resolved "https://registry.yarnpkg.com/type-check/-/type-check-0.3.2.tgz#5884cab512cf1d355e3fb784f30804b2b520db72"
    dependencies:
      prelude-ls "~1.1.2"
  
  typedarray@^0.0.6:
    version "0.0.6"
    resolved "https://registry.yarnpkg.com/typedarray/-/typedarray-0.0.6.tgz#867ac74e3864187b1d3d47d996a78ec5c8830777"
  
  ua-parser-js@^0.7.9:
    version "0.7.17"
    resolved "https://registry.yarnpkg.com/ua-parser-js/-/ua-parser-js-0.7.17.tgz#e9ec5f9498b9ec910e7ae3ac626a805c4d09ecac"
  
  url@^0.11.0:
    version "0.11.0"
    resolved "https://registry.yarnpkg.com/url/-/url-0.11.0.tgz#3838e97cfc60521eb73c525a8e55bfdd9e2e28f1"
    dependencies:
      punycode "1.3.2"
      querystring "0.2.0"
  
  util-deprecate@~1.0.1:
    version "1.0.2"
    resolved "https://registry.yarnpkg.com/util-deprecate/-/util-deprecate-1.0.2.tgz#450d4dc9fa70de732762fbd2d4a28981419a0ccf"
  
  util@0.10.3, util@^0.10.3:
    version "0.10.3"
    resolved "https://registry.yarnpkg.com/util/-/util-0.10.3.tgz#7afb1afe50805246489e3db7fe0ed379336ac0f9"
    dependencies:
      inherits "2.0.1"
  
  validate-npm-package-license@^3.0.1:
    version "3.0.1"
    resolved "https://registry.yarnpkg.com/validate-npm-package-license/-/validate-npm-package-license-3.0.1.tgz#2804babe712ad3379459acfbe24746ab2c303fbc"
    dependencies:
      spdx-correct "~1.0.0"
      spdx-expression-parse "~1.0.0"
  
  vm-browserify@0.0.4:
    version "0.0.4"
    resolved "https://registry.yarnpkg.com/vm-browserify/-/vm-browserify-0.0.4.tgz#5d7ea45bbef9e4a6ff65f95438e0a87c357d5a73"
    dependencies:
      indexof "0.0.1"
  
  whatwg-fetch@>=0.10.0:
    version "2.0.3"
    resolved "https://registry.yarnpkg.com/whatwg-fetch/-/whatwg-fetch-2.0.3.tgz#9c84ec2dcf68187ff00bc64e1274b442176e1c84"
  
  which@^1.2.9:
    version "1.3.0"
    resolved "https://registry.yarnpkg.com/which/-/which-1.3.0.tgz#ff04bdfc010ee547d780bec38e1ac1c2777d253a"
    dependencies:
      isexe "^2.0.0"
  
  wordwrap@~1.0.0:
    version "1.0.0"
    resolved "https://registry.yarnpkg.com/wordwrap/-/wordwrap-1.0.0.tgz#27584810891456a4171c8d0226441ade90cbcaeb"
  
  wrappy@1:
    version "1.0.2"
    resolved "https://registry.yarnpkg.com/wrappy/-/wrappy-1.0.2.tgz#b5243d8f3ec1aa35f1364605bc0d1036e30ab69f"
  
  write@^0.2.1:
    version "0.2.1"
    resolved "https://registry.yarnpkg.com/write/-/write-0.2.1.tgz#5fc03828e264cea3fe91455476f7a3c566cb0757"
    dependencies:
      mkdirp "^0.5.1"
  
  xtend@^4.0.0, xtend@~4.0.1:
    version "4.0.1"
    resolved "https://registry.yarnpkg.com/xtend/-/xtend-4.0.1.tgz#a5c6d532be656e23db820efb943a1f04998d63af"
  
  yallist@^2.1.2:
    version "2.1.2"
    resolved "https://registry.yarnpkg.com/yallist/-/yallist-2.1.2.tgz#1c11f9218f076089a47dd512f93c6699a6a81d52"
